<?xml version="1.0" encoding="utf-8"?>
<CoverageSession>
  <Summary numSequencePoints="3624" visitedSequencePoints="437" numBranchPoints="400" visitedBranchPoints="85" sequenceCoverage="12.05" branchCoverage="21.25" maxCyclomaticComplexity="513" minCyclomaticComplexity="513" visitedClasses="47" numClasses="130" visitedMethods="68" numMethods="176" />
  <Modules>
    <Module hash="A2358AA4-13CC-4A3D-8053-870B602141C3">
      <ModulePath>ERMS.dll</ModulePath>
      <ModuleTime>2025-04-11T10:49:10</ModuleTime>
      <ModuleName>ERMS</ModuleName>
      <Files>
        <File uid="1" fullPath="C:\Users\Daniel\source\repos\ERMS-ASP.NET\ERMS\Areas\Identity\Pages\_ViewStart.cshtml" />
        <File uid="2" fullPath="C:\Users\Daniel\source\repos\ERMS-ASP.NET\ERMS\Views\Account\Login.cshtml" />
        <File uid="3" fullPath="C:\Users\Daniel\source\repos\ERMS-ASP.NET\ERMS\Views\Account\Register.cshtml" />
        <File uid="4" fullPath="C:\Users\Daniel\source\repos\ERMS-ASP.NET\ERMS\Views\Employees\Create.cshtml" />
        <File uid="5" fullPath="C:\Users\Daniel\source\repos\ERMS-ASP.NET\ERMS\Views\Employees\Delete.cshtml" />
        <File uid="6" fullPath="C:\Users\Daniel\source\repos\ERMS-ASP.NET\ERMS\Views\Employees\Details.cshtml" />
        <File uid="7" fullPath="C:\Users\Daniel\source\repos\ERMS-ASP.NET\ERMS\Views\Employees\Edit.cshtml" />
        <File uid="8" fullPath="C:\Users\Daniel\source\repos\ERMS-ASP.NET\ERMS\Views\Employees\Index.cshtml" />
        <File uid="9" fullPath="C:\Users\Daniel\source\repos\ERMS-ASP.NET\ERMS\Views\Home\Index.cshtml" />
        <File uid="10" fullPath="C:\Users\Daniel\source\repos\ERMS-ASP.NET\ERMS\Views\Home\Privacy.cshtml" />
        <File uid="11" fullPath="C:\Users\Daniel\source\repos\ERMS-ASP.NET\ERMS\Views\Projects\Create.cshtml" />
        <File uid="12" fullPath="C:\Users\Daniel\source\repos\ERMS-ASP.NET\ERMS\Views\Projects\Delete.cshtml" />
        <File uid="13" fullPath="C:\Users\Daniel\source\repos\ERMS-ASP.NET\ERMS\Views\Projects\Details.cshtml" />
        <File uid="14" fullPath="C:\Users\Daniel\source\repos\ERMS-ASP.NET\ERMS\Views\Projects\Edit.cshtml" />
        <File uid="15" fullPath="C:\Users\Daniel\source\repos\ERMS-ASP.NET\ERMS\Views\Projects\Index.cshtml" />
        <File uid="16" fullPath="C:\Users\Daniel\source\repos\ERMS-ASP.NET\ERMS\Views\Shared\AccessDenied.cshtml" />
        <File uid="17" fullPath="C:\Users\Daniel\source\repos\ERMS-ASP.NET\ERMS\Views\Shared\Error.cshtml" />
        <File uid="18" fullPath="C:\Users\Daniel\source\repos\ERMS-ASP.NET\ERMS\Views\Shared\_LoginPartial.cshtml" />
        <File uid="19" fullPath="C:\Users\Daniel\source\repos\ERMS-ASP.NET\ERMS\Views\TaskItems\Create.cshtml" />
        <File uid="20" fullPath="C:\Users\Daniel\source\repos\ERMS-ASP.NET\ERMS\Views\TaskItems\Delete.cshtml" />
        <File uid="21" fullPath="C:\Users\Daniel\source\repos\ERMS-ASP.NET\ERMS\Views\TaskItems\Details.cshtml" />
        <File uid="22" fullPath="C:\Users\Daniel\source\repos\ERMS-ASP.NET\ERMS\Views\TaskItems\Edit.cshtml" />
        <File uid="23" fullPath="C:\Users\Daniel\source\repos\ERMS-ASP.NET\ERMS\Views\TaskItems\Index.cshtml" />
        <File uid="24" fullPath="C:\Users\Daniel\source\repos\ERMS-ASP.NET\ERMS\Views\_ViewStart.cshtml" />
        <File uid="25" fullPath="C:\Users\Daniel\source\repos\ERMS-ASP.NET\ERMS\Views\Shared\_Layout.cshtml" />
        <File uid="26" fullPath="C:\Users\Daniel\source\repos\ERMS-ASP.NET\ERMS\Program.cs" />
        <File uid="27" fullPath="C:\Users\Daniel\source\repos\ERMS-ASP.NET\ERMS\Views\Account\Login.cshtml.cs" />
        <File uid="28" fullPath="C:\Users\Daniel\source\repos\ERMS-ASP.NET\ERMS\Views\Account\Register.cshtml.cs" />
        <File uid="29" fullPath="C:\Users\Daniel\source\repos\ERMS-ASP.NET\ERMS\Services\EmployeeApiService.cs" />
        <File uid="30" fullPath="C:\Users\Daniel\source\repos\ERMS-ASP.NET\ERMS\Services\ProjectApiService.cs" />
        <File uid="31" fullPath="C:\Users\Daniel\source\repos\ERMS-ASP.NET\ERMS\Services\TaskItemApiService.cs" />
        <File uid="32" fullPath="C:\Users\Daniel\source\repos\ERMS-ASP.NET\ERMS\Models\ApplicationUser.cs" />
        <File uid="33" fullPath="C:\Users\Daniel\source\repos\ERMS-ASP.NET\ERMS\Models\Employee.cs" />
        <File uid="34" fullPath="C:\Users\Daniel\source\repos\ERMS-ASP.NET\ERMS\Models\ErrorViewModel.cs" />
        <File uid="35" fullPath="C:\Users\Daniel\source\repos\ERMS-ASP.NET\ERMS\Models\Project.cs" />
        <File uid="36" fullPath="C:\Users\Daniel\source\repos\ERMS-ASP.NET\ERMS\Models\TaskItem.cs" />
        <File uid="37" fullPath="C:\Users\Daniel\source\repos\ERMS-ASP.NET\ERMS\Data\ApplicationDbContext.cs" />
        <File uid="38" fullPath="C:\Users\Daniel\source\repos\ERMS-ASP.NET\ERMS\Data\Migrations\00000000000000_CreateIdentitySchema.cs" />
        <File uid="39" fullPath="C:\Users\Daniel\source\repos\ERMS-ASP.NET\ERMS\Data\Migrations\00000000000000_CreateIdentitySchema.Designer.cs" />
        <File uid="40" fullPath="C:\Users\Daniel\source\repos\ERMS-ASP.NET\ERMS\Data\Migrations\20250401153029_CapstoneProject1.cs" />
        <File uid="41" fullPath="C:\Users\Daniel\source\repos\ERMS-ASP.NET\ERMS\Data\Migrations\20250401153029_CapstoneProject1.Designer.cs" />
        <File uid="42" fullPath="C:\Users\Daniel\source\repos\ERMS-ASP.NET\ERMS\Data\Migrations\20250404221759_updatedMigration.cs" />
        <File uid="43" fullPath="C:\Users\Daniel\source\repos\ERMS-ASP.NET\ERMS\Data\Migrations\20250404221759_updatedMigration.Designer.cs" />
        <File uid="44" fullPath="C:\Users\Daniel\source\repos\ERMS-ASP.NET\ERMS\Data\Migrations\20250404222349_finalMigration.cs" />
        <File uid="45" fullPath="C:\Users\Daniel\source\repos\ERMS-ASP.NET\ERMS\Data\Migrations\20250404222349_finalMigration.Designer.cs" />
        <File uid="46" fullPath="C:\Users\Daniel\source\repos\ERMS-ASP.NET\ERMS\Data\Migrations\20250404230817_ApiMigration.cs" />
        <File uid="47" fullPath="C:\Users\Daniel\source\repos\ERMS-ASP.NET\ERMS\Data\Migrations\20250404230817_ApiMigration.Designer.cs" />
        <File uid="48" fullPath="C:\Users\Daniel\source\repos\ERMS-ASP.NET\ERMS\Data\Migrations\ApplicationDbContextModelSnapshot.cs" />
        <File uid="49" fullPath="C:\Users\Daniel\source\repos\ERMS-ASP.NET\ERMS\Controllers\AccountController.cs" />
        <File uid="50" fullPath="C:\Users\Daniel\source\repos\ERMS-ASP.NET\ERMS\Controllers\EmployeesController.cs" />
        <File uid="51" fullPath="C:\Users\Daniel\source\repos\ERMS-ASP.NET\ERMS\Controllers\HomeController.cs" />
        <File uid="52" fullPath="C:\Users\Daniel\source\repos\ERMS-ASP.NET\ERMS\Controllers\ProjectsController.cs" />
        <File uid="53" fullPath="C:\Users\Daniel\source\repos\ERMS-ASP.NET\ERMS\Controllers\TaskItemsController.cs" />
        <File uid="54" fullPath="C:\Users\Daniel\source\repos\ERMS-ASP.NET\ERMS\Controllers\api\EmployeesApiController.cs" />
        <File uid="55" fullPath="C:\Users\Daniel\source\repos\ERMS-ASP.NET\ERMS\Controllers\api\ProjectsApiController.cs" />
        <File uid="56" fullPath="C:\Users\Daniel\source\repos\ERMS-ASP.NET\ERMS\Controllers\api\TaskItemsApiController.cs" />
      </Files>
      <Classes>
        <Class>
          <Summary numSequencePoints="1" visitedSequencePoints="0" numBranchPoints="0" visitedBranchPoints="0" sequenceCoverage="0" branchCoverage="100" maxCyclomaticComplexity="1" minCyclomaticComplexity="1" visitedClasses="0" numClasses="1" visitedMethods="0" numMethods="1" />
          <FullName>AspNetCoreGeneratedDocument.Areas_Identity_Pages__ViewStart/&lt;ExecuteAsync&gt;d__0</FullName>
          <Methods>
            <Method cyclomaticComplexity="1" nPathComplexity="1" sequenceCoverage="0" branchCoverage="100" isConstructor="False" isGetter="False" isSetter="False" isStatic="True">
              <Summary numSequencePoints="1" visitedSequencePoints="0" numBranchPoints="0" visitedBranchPoints="0" sequenceCoverage="0" branchCoverage="100" maxCyclomaticComplexity="1" minCyclomaticComplexity="1" visitedClasses="0" numClasses="0" visitedMethods="0" numMethods="1" />
              <MetadataToken />
              <Name>System.Void AspNetCoreGeneratedDocument.Areas_Identity_Pages__ViewStart/&lt;ExecuteAsync&gt;d__0::MoveNext()</Name>
              <FileRef uid="1" />
              <SequencePoints>
                <SequencePoint vc="0" uspid="2" ordinal="0" sl="2" sc="1" el="2" ec="2" bec="0" bev="0" fileid="1" />
              </SequencePoints>
              <BranchPoints />
              <MethodPoint vc="0" uspid="0" p8:type="SequencePoint" ordinal="0" offset="0" sc="0" sl="2" ec="1" el="2" bec="0" bev="0" fileid="1" xmlns:p8="xsi" />
            </Method>
          </Methods>
        </Class>
        <Class>
          <Summary numSequencePoints="3" visitedSequencePoints="0" numBranchPoints="2" visitedBranchPoints="0" sequenceCoverage="0" branchCoverage="0" maxCyclomaticComplexity="2" minCyclomaticComplexity="2" visitedClasses="0" numClasses="1" visitedMethods="0" numMethods="1" />
          <FullName>AspNetCoreGeneratedDocument.Views_Account_Login/&lt;&lt;ExecuteAsync&gt;b__11_0&gt;d</FullName>
          <Methods>
            <Method cyclomaticComplexity="2" nPathComplexity="2" sequenceCoverage="0" branchCoverage="0" isConstructor="False" isGetter="False" isSetter="False" isStatic="True">
              <Summary numSequencePoints="3" visitedSequencePoints="0" numBranchPoints="2" visitedBranchPoints="0" sequenceCoverage="0" branchCoverage="0" maxCyclomaticComplexity="2" minCyclomaticComplexity="2" visitedClasses="0" numClasses="0" visitedMethods="0" numMethods="1" />
              <MetadataToken />
              <Name>System.Void AspNetCoreGeneratedDocument.Views_Account_Login/&lt;&lt;ExecuteAsync&gt;b__11_0&gt;d::MoveNext()</Name>
              <FileRef uid="2" />
              <SequencePoints>
                <SequencePoint vc="0" uspid="10" ordinal="0" sl="10" sc="1" el="10" ec="2" bec="2" bev="0" fileid="2" />
                <SequencePoint vc="0" uspid="11" ordinal="1" sl="11" sc="1" el="11" ec="2" bec="0" bev="0" fileid="2" />
                <SequencePoint vc="0" uspid="13" ordinal="2" sl="13" sc="1" el="13" ec="2" bec="0" bev="0" fileid="2" />
              </SequencePoints>
              <BranchPoints>
                <BranchPoint vc="0" uspid="10" ordinal="0" path="0" offset="96" offsetend="98" sl="10" fileid="2" />
                <BranchPoint vc="0" uspid="10" ordinal="1" path="1" offset="96" offsetend="167" sl="10" fileid="2" />
              </BranchPoints>
              <MethodPoint vc="0" uspid="0" p8:type="SequencePoint" ordinal="0" offset="0" sc="0" sl="10" ec="1" el="13" bec="0" bev="0" fileid="2" xmlns:p8="xsi" />
            </Method>
          </Methods>
        </Class>
        <Class>
          <Summary numSequencePoints="2" visitedSequencePoints="0" numBranchPoints="2" visitedBranchPoints="0" sequenceCoverage="0" branchCoverage="0" maxCyclomaticComplexity="2" minCyclomaticComplexity="2" visitedClasses="0" numClasses="1" visitedMethods="0" numMethods="1" />
          <FullName>AspNetCoreGeneratedDocument.Views_Account_Login/&lt;ExecuteAsync&gt;d__11</FullName>
          <Methods>
            <Method cyclomaticComplexity="2" nPathComplexity="2" sequenceCoverage="0" branchCoverage="0" isConstructor="False" isGetter="False" isSetter="False" isStatic="True">
              <Summary numSequencePoints="2" visitedSequencePoints="0" numBranchPoints="2" visitedBranchPoints="0" sequenceCoverage="0" branchCoverage="0" maxCyclomaticComplexity="2" minCyclomaticComplexity="2" visitedClasses="0" numClasses="0" visitedMethods="0" numMethods="1" />
              <MetadataToken />
              <Name>System.Void AspNetCoreGeneratedDocument.Views_Account_Login/&lt;ExecuteAsync&gt;d__11::MoveNext()</Name>
              <FileRef uid="2" />
              <SequencePoints>
                <SequencePoint vc="0" uspid="2" ordinal="0" sl="2" sc="1" el="2" ec="2" bec="0" bev="0" fileid="2" />
                <SequencePoint vc="0" uspid="3" ordinal="1" sl="3" sc="1" el="3" ec="2" bec="2" bev="0" fileid="2" />
              </SequencePoints>
              <BranchPoints>
                <BranchPoint vc="0" uspid="3" ordinal="0" path="0" offset="550" offsetend="552" sl="3" fileid="2" />
                <BranchPoint vc="0" uspid="3" ordinal="1" path="1" offset="550" offsetend="663" sl="3" fileid="2" />
              </BranchPoints>
              <MethodPoint vc="0" uspid="0" p8:type="SequencePoint" ordinal="0" offset="0" sc="0" sl="2" ec="1" el="3" bec="0" bev="0" fileid="2" xmlns:p8="xsi" />
            </Method>
          </Methods>
        </Class>
        <Class>
          <Summary numSequencePoints="2" visitedSequencePoints="0" numBranchPoints="2" visitedBranchPoints="0" sequenceCoverage="0" branchCoverage="0" maxCyclomaticComplexity="2" minCyclomaticComplexity="2" visitedClasses="0" numClasses="1" visitedMethods="0" numMethods="1" />
          <FullName>AspNetCoreGeneratedDocument.Views_Account_Register/&lt;ExecuteAsync&gt;d__14</FullName>
          <Methods>
            <Method cyclomaticComplexity="2" nPathComplexity="2" sequenceCoverage="0" branchCoverage="0" isConstructor="False" isGetter="False" isSetter="False" isStatic="True">
              <Summary numSequencePoints="2" visitedSequencePoints="0" numBranchPoints="2" visitedBranchPoints="0" sequenceCoverage="0" branchCoverage="0" maxCyclomaticComplexity="2" minCyclomaticComplexity="2" visitedClasses="0" numClasses="0" visitedMethods="0" numMethods="1" />
              <MetadataToken />
              <Name>System.Void AspNetCoreGeneratedDocument.Views_Account_Register/&lt;ExecuteAsync&gt;d__14::MoveNext()</Name>
              <FileRef uid="3" />
              <SequencePoints>
                <SequencePoint vc="0" uspid="4" ordinal="0" sl="4" sc="1" el="4" ec="2" bec="0" bev="0" fileid="3" />
                <SequencePoint vc="0" uspid="5" ordinal="1" sl="5" sc="1" el="5" ec="2" bec="2" bev="0" fileid="3" />
              </SequencePoints>
              <BranchPoints>
                <BranchPoint vc="0" uspid="5" ordinal="0" path="0" offset="513" offsetend="515" sl="5" fileid="3" />
                <BranchPoint vc="0" uspid="5" ordinal="1" path="1" offset="513" offsetend="626" sl="5" fileid="3" />
              </BranchPoints>
              <MethodPoint vc="0" uspid="0" p8:type="SequencePoint" ordinal="0" offset="0" sc="0" sl="4" ec="1" el="5" bec="0" bev="0" fileid="3" xmlns:p8="xsi" />
            </Method>
          </Methods>
        </Class>
        <Class>
          <Summary numSequencePoints="1" visitedSequencePoints="0" numBranchPoints="0" visitedBranchPoints="0" sequenceCoverage="0" branchCoverage="100" maxCyclomaticComplexity="1" minCyclomaticComplexity="1" visitedClasses="0" numClasses="1" visitedMethods="0" numMethods="1" />
          <FullName>AspNetCoreGeneratedDocument.Views_Employees_Create/&lt;&lt;ExecuteAsync&gt;b__19_2&gt;d</FullName>
          <Methods>
            <Method cyclomaticComplexity="1" nPathComplexity="1" sequenceCoverage="0" branchCoverage="100" isConstructor="False" isGetter="False" isSetter="False" isStatic="True">
              <Summary numSequencePoints="1" visitedSequencePoints="0" numBranchPoints="0" visitedBranchPoints="0" sequenceCoverage="0" branchCoverage="100" maxCyclomaticComplexity="1" minCyclomaticComplexity="1" visitedClasses="0" numClasses="0" visitedMethods="0" numMethods="1" />
              <MetadataToken />
              <Name>System.Void AspNetCoreGeneratedDocument.Views_Employees_Create/&lt;&lt;ExecuteAsync&gt;b__19_2&gt;d::MoveNext()</Name>
              <FileRef uid="4" />
              <SequencePoints>
                <SequencePoint vc="0" uspid="48" ordinal="0" sl="48" sc="1" el="48" ec="2" bec="0" bev="0" fileid="4" />
              </SequencePoints>
              <BranchPoints />
              <MethodPoint vc="0" uspid="0" p8:type="SequencePoint" ordinal="0" offset="0" sc="0" sl="48" ec="1" el="48" bec="0" bev="0" fileid="4" xmlns:p8="xsi" />
            </Method>
          </Methods>
        </Class>
        <Class>
          <Summary numSequencePoints="2" visitedSequencePoints="0" numBranchPoints="4" visitedBranchPoints="0" sequenceCoverage="0" branchCoverage="0" maxCyclomaticComplexity="4" minCyclomaticComplexity="4" visitedClasses="0" numClasses="1" visitedMethods="0" numMethods="1" />
          <FullName>AspNetCoreGeneratedDocument.Views_Employees_Create/&lt;ExecuteAsync&gt;d__19</FullName>
          <Methods>
            <Method cyclomaticComplexity="4" nPathComplexity="4" sequenceCoverage="0" branchCoverage="0" isConstructor="False" isGetter="False" isSetter="False" isStatic="True">
              <Summary numSequencePoints="2" visitedSequencePoints="0" numBranchPoints="4" visitedBranchPoints="0" sequenceCoverage="0" branchCoverage="0" maxCyclomaticComplexity="4" minCyclomaticComplexity="4" visitedClasses="0" numClasses="0" visitedMethods="0" numMethods="1" />
              <MetadataToken />
              <Name>System.Void AspNetCoreGeneratedDocument.Views_Employees_Create/&lt;ExecuteAsync&gt;d__19::MoveNext()</Name>
              <FileRef uid="4" />
              <SequencePoints>
                <SequencePoint vc="0" uspid="4" ordinal="0" sl="4" sc="1" el="4" ec="2" bec="0" bev="0" fileid="4" />
                <SequencePoint vc="0" uspid="5" ordinal="1" sl="5" sc="1" el="5" ec="2" bec="4" bev="0" fileid="4" />
              </SequencePoints>
              <BranchPoints>
                <BranchPoint vc="0" uspid="5" ordinal="0" path="0" offset="482" offsetend="484" sl="5" fileid="4" />
                <BranchPoint vc="0" uspid="5" ordinal="1" path="1" offset="482" offsetend="595" sl="5" fileid="4" />
                <BranchPoint vc="0" uspid="5" ordinal="2" path="0" offset="974" offsetend="976" sl="5" fileid="4" />
                <BranchPoint vc="0" uspid="5" ordinal="3" path="1" offset="974" offsetend="1087" sl="5" fileid="4" />
              </BranchPoints>
              <MethodPoint vc="0" uspid="0" p8:type="SequencePoint" ordinal="0" offset="0" sc="0" sl="4" ec="1" el="5" bec="0" bev="0" fileid="4" xmlns:p8="xsi" />
            </Method>
          </Methods>
        </Class>
        <Class>
          <Summary numSequencePoints="2" visitedSequencePoints="0" numBranchPoints="2" visitedBranchPoints="0" sequenceCoverage="0" branchCoverage="0" maxCyclomaticComplexity="2" minCyclomaticComplexity="2" visitedClasses="0" numClasses="1" visitedMethods="0" numMethods="1" />
          <FullName>AspNetCoreGeneratedDocument.Views_Employees_Delete/&lt;ExecuteAsync&gt;d__13</FullName>
          <Methods>
            <Method cyclomaticComplexity="2" nPathComplexity="2" sequenceCoverage="0" branchCoverage="0" isConstructor="False" isGetter="False" isSetter="False" isStatic="True">
              <Summary numSequencePoints="2" visitedSequencePoints="0" numBranchPoints="2" visitedBranchPoints="0" sequenceCoverage="0" branchCoverage="0" maxCyclomaticComplexity="2" minCyclomaticComplexity="2" visitedClasses="0" numClasses="0" visitedMethods="0" numMethods="1" />
              <MetadataToken />
              <Name>System.Void AspNetCoreGeneratedDocument.Views_Employees_Delete/&lt;ExecuteAsync&gt;d__13::MoveNext()</Name>
              <FileRef uid="5" />
              <SequencePoints>
                <SequencePoint vc="0" uspid="4" ordinal="0" sl="4" sc="1" el="4" ec="2" bec="0" bev="0" fileid="5" />
                <SequencePoint vc="0" uspid="5" ordinal="1" sl="5" sc="1" el="5" ec="2" bec="2" bev="0" fileid="5" />
              </SequencePoints>
              <BranchPoints>
                <BranchPoint vc="0" uspid="5" ordinal="0" path="0" offset="1277" offsetend="1279" sl="5" fileid="5" />
                <BranchPoint vc="0" uspid="5" ordinal="1" path="1" offset="1277" offsetend="1390" sl="5" fileid="5" />
              </BranchPoints>
              <MethodPoint vc="0" uspid="0" p8:type="SequencePoint" ordinal="0" offset="0" sc="0" sl="4" ec="1" el="5" bec="0" bev="0" fileid="5" xmlns:p8="xsi" />
            </Method>
          </Methods>
        </Class>
        <Class>
          <Summary numSequencePoints="2" visitedSequencePoints="0" numBranchPoints="8" visitedBranchPoints="0" sequenceCoverage="0" branchCoverage="0" maxCyclomaticComplexity="8" minCyclomaticComplexity="8" visitedClasses="0" numClasses="1" visitedMethods="0" numMethods="1" />
          <FullName>AspNetCoreGeneratedDocument.Views_Employees_Details/&lt;ExecuteAsync&gt;d__9</FullName>
          <Methods>
            <Method cyclomaticComplexity="8" nPathComplexity="8" sequenceCoverage="0" branchCoverage="0" isConstructor="False" isGetter="False" isSetter="False" isStatic="True">
              <Summary numSequencePoints="2" visitedSequencePoints="0" numBranchPoints="8" visitedBranchPoints="0" sequenceCoverage="0" branchCoverage="0" maxCyclomaticComplexity="8" minCyclomaticComplexity="8" visitedClasses="0" numClasses="0" visitedMethods="0" numMethods="1" />
              <MetadataToken />
              <Name>System.Void AspNetCoreGeneratedDocument.Views_Employees_Details/&lt;ExecuteAsync&gt;d__9::MoveNext()</Name>
              <FileRef uid="6" />
              <SequencePoints>
                <SequencePoint vc="0" uspid="4" ordinal="0" sl="4" sc="1" el="4" ec="2" bec="0" bev="0" fileid="6" />
                <SequencePoint vc="0" uspid="5" ordinal="1" sl="5" sc="1" el="5" ec="2" bec="8" bev="0" fileid="6" />
              </SequencePoints>
              <BranchPoints>
                <BranchPoint vc="0" uspid="5" ordinal="0" path="0" offset="1126" offsetend="1128" sl="5" fileid="6" />
                <BranchPoint vc="0" uspid="5" ordinal="1" path="1" offset="1126" offsetend="1161" sl="5" fileid="6" />
                <BranchPoint vc="0" uspid="5" ordinal="2" path="0" offset="1191" offsetend="1193" sl="5" fileid="6" />
                <BranchPoint vc="0" uspid="5" ordinal="3" path="1" offset="1191" offsetend="1205" sl="5" fileid="6" />
                <BranchPoint vc="0" uspid="5" ordinal="4" path="0" offset="1484" offsetend="1486" sl="5" fileid="6" />
                <BranchPoint vc="0" uspid="5" ordinal="5" path="1" offset="1484" offsetend="1598" sl="5" fileid="6" />
                <BranchPoint vc="0" uspid="5" ordinal="6" path="0" offset="1978" offsetend="1980" sl="5" fileid="6" />
                <BranchPoint vc="0" uspid="5" ordinal="7" path="1" offset="1978" offsetend="2092" sl="5" fileid="6" />
              </BranchPoints>
              <MethodPoint vc="0" uspid="0" p8:type="SequencePoint" ordinal="0" offset="0" sc="0" sl="4" ec="1" el="5" bec="0" bev="0" fileid="6" xmlns:p8="xsi" />
            </Method>
          </Methods>
        </Class>
        <Class>
          <Summary numSequencePoints="1" visitedSequencePoints="0" numBranchPoints="0" visitedBranchPoints="0" sequenceCoverage="0" branchCoverage="100" maxCyclomaticComplexity="1" minCyclomaticComplexity="1" visitedClasses="0" numClasses="1" visitedMethods="0" numMethods="1" />
          <FullName>AspNetCoreGeneratedDocument.Views_Employees_Edit/&lt;&lt;ExecuteAsync&gt;b__20_2&gt;d</FullName>
          <Methods>
            <Method cyclomaticComplexity="1" nPathComplexity="1" sequenceCoverage="0" branchCoverage="100" isConstructor="False" isGetter="False" isSetter="False" isStatic="True">
              <Summary numSequencePoints="1" visitedSequencePoints="0" numBranchPoints="0" visitedBranchPoints="0" sequenceCoverage="0" branchCoverage="100" maxCyclomaticComplexity="1" minCyclomaticComplexity="1" visitedClasses="0" numClasses="0" visitedMethods="0" numMethods="1" />
              <MetadataToken />
              <Name>System.Void AspNetCoreGeneratedDocument.Views_Employees_Edit/&lt;&lt;ExecuteAsync&gt;b__20_2&gt;d::MoveNext()</Name>
              <FileRef uid="7" />
              <SequencePoints>
                <SequencePoint vc="0" uspid="51" ordinal="0" sl="51" sc="1" el="51" ec="2" bec="0" bev="0" fileid="7" />
              </SequencePoints>
              <BranchPoints />
              <MethodPoint vc="0" uspid="0" p8:type="SequencePoint" ordinal="0" offset="0" sc="0" sl="51" ec="1" el="51" bec="0" bev="0" fileid="7" xmlns:p8="xsi" />
            </Method>
          </Methods>
        </Class>
        <Class>
          <Summary numSequencePoints="2" visitedSequencePoints="0" numBranchPoints="4" visitedBranchPoints="0" sequenceCoverage="0" branchCoverage="0" maxCyclomaticComplexity="4" minCyclomaticComplexity="4" visitedClasses="0" numClasses="1" visitedMethods="0" numMethods="1" />
          <FullName>AspNetCoreGeneratedDocument.Views_Employees_Edit/&lt;ExecuteAsync&gt;d__20</FullName>
          <Methods>
            <Method cyclomaticComplexity="4" nPathComplexity="4" sequenceCoverage="0" branchCoverage="0" isConstructor="False" isGetter="False" isSetter="False" isStatic="True">
              <Summary numSequencePoints="2" visitedSequencePoints="0" numBranchPoints="4" visitedBranchPoints="0" sequenceCoverage="0" branchCoverage="0" maxCyclomaticComplexity="4" minCyclomaticComplexity="4" visitedClasses="0" numClasses="0" visitedMethods="0" numMethods="1" />
              <MetadataToken />
              <Name>System.Void AspNetCoreGeneratedDocument.Views_Employees_Edit/&lt;ExecuteAsync&gt;d__20::MoveNext()</Name>
              <FileRef uid="7" />
              <SequencePoints>
                <SequencePoint vc="0" uspid="4" ordinal="0" sl="4" sc="1" el="4" ec="2" bec="0" bev="0" fileid="7" />
                <SequencePoint vc="0" uspid="5" ordinal="1" sl="5" sc="1" el="5" ec="2" bec="4" bev="0" fileid="7" />
              </SequencePoints>
              <BranchPoints>
                <BranchPoint vc="0" uspid="5" ordinal="0" path="0" offset="482" offsetend="484" sl="5" fileid="7" />
                <BranchPoint vc="0" uspid="5" ordinal="1" path="1" offset="482" offsetend="595" sl="5" fileid="7" />
                <BranchPoint vc="0" uspid="5" ordinal="2" path="0" offset="974" offsetend="976" sl="5" fileid="7" />
                <BranchPoint vc="0" uspid="5" ordinal="3" path="1" offset="974" offsetend="1087" sl="5" fileid="7" />
              </BranchPoints>
              <MethodPoint vc="0" uspid="0" p8:type="SequencePoint" ordinal="0" offset="0" sc="0" sl="4" ec="1" el="5" bec="0" bev="0" fileid="7" xmlns:p8="xsi" />
            </Method>
          </Methods>
        </Class>
        <Class>
          <Summary numSequencePoints="4" visitedSequencePoints="0" numBranchPoints="16" visitedBranchPoints="0" sequenceCoverage="0" branchCoverage="0" maxCyclomaticComplexity="16" minCyclomaticComplexity="16" visitedClasses="0" numClasses="1" visitedMethods="0" numMethods="1" />
          <FullName>AspNetCoreGeneratedDocument.Views_Employees_Index/&lt;ExecuteAsync&gt;d__11</FullName>
          <Methods>
            <Method cyclomaticComplexity="16" nPathComplexity="16" sequenceCoverage="0" branchCoverage="0" isConstructor="False" isGetter="False" isSetter="False" isStatic="True">
              <Summary numSequencePoints="4" visitedSequencePoints="0" numBranchPoints="16" visitedBranchPoints="0" sequenceCoverage="0" branchCoverage="0" maxCyclomaticComplexity="16" minCyclomaticComplexity="16" visitedClasses="0" numClasses="0" visitedMethods="0" numMethods="1" />
              <MetadataToken />
              <Name>System.Void AspNetCoreGeneratedDocument.Views_Employees_Index/&lt;ExecuteAsync&gt;d__11::MoveNext()</Name>
              <FileRef uid="8" />
              <SequencePoints>
                <SequencePoint vc="0" uspid="4" ordinal="0" sl="4" sc="1" el="4" ec="2" bec="0" bev="0" fileid="8" />
                <SequencePoint vc="0" uspid="5" ordinal="1" sl="5" sc="1" el="5" ec="2" bec="2" bev="0" fileid="8" />
                <SequencePoint vc="0" uspid="32" ordinal="2" sl="32" sc="1" el="32" ec="2" bec="14" bev="0" fileid="8" />
                <SequencePoint vc="0" uspid="52" ordinal="3" sl="52" sc="1" el="52" ec="2" bec="0" bev="0" fileid="8" />
              </SequencePoints>
              <BranchPoints>
                <BranchPoint vc="0" uspid="5" ordinal="0" path="0" offset="443" offsetend="445" sl="5" fileid="8" />
                <BranchPoint vc="0" uspid="5" ordinal="1" path="1" offset="443" offsetend="556" sl="5" fileid="8" />
                <BranchPoint vc="0" uspid="32" ordinal="15" path="1" offset="3879" offsetend="1141" sl="32" fileid="8" />
                <BranchPoint vc="0" uspid="32" ordinal="2" path="0" offset="1930" offsetend="1932" sl="32" fileid="8" />
                <BranchPoint vc="0" uspid="32" ordinal="3" path="1" offset="1930" offsetend="1965" sl="32" fileid="8" />
                <BranchPoint vc="0" uspid="32" ordinal="4" path="0" offset="2267" offsetend="2269" sl="32" fileid="8" />
                <BranchPoint vc="0" uspid="32" ordinal="5" path="1" offset="2267" offsetend="2380" sl="32" fileid="8" />
                <BranchPoint vc="0" uspid="32" ordinal="6" path="0" offset="2634" offsetend="2636" sl="32" fileid="8" />
                <BranchPoint vc="0" uspid="32" ordinal="7" path="1" offset="2634" offsetend="2669" sl="32" fileid="8" />
                <BranchPoint vc="0" uspid="32" ordinal="8" path="0" offset="2971" offsetend="2973" sl="32" fileid="8" />
                <BranchPoint vc="0" uspid="32" ordinal="9" path="1" offset="2971" offsetend="3084" sl="32" fileid="8" />
                <BranchPoint vc="0" uspid="32" ordinal="10" path="0" offset="3338" offsetend="3340" sl="32" fileid="8" />
                <BranchPoint vc="0" uspid="32" ordinal="11" path="1" offset="3338" offsetend="3373" sl="32" fileid="8" />
                <BranchPoint vc="0" uspid="32" ordinal="12" path="0" offset="3675" offsetend="3677" sl="32" fileid="8" />
                <BranchPoint vc="0" uspid="32" ordinal="13" path="1" offset="3675" offsetend="3788" sl="32" fileid="8" />
                <BranchPoint vc="0" uspid="32" ordinal="14" path="0" offset="3879" offsetend="3884" sl="32" fileid="8" />
              </BranchPoints>
              <MethodPoint vc="0" uspid="0" p8:type="SequencePoint" ordinal="0" offset="0" sc="0" sl="4" ec="1" el="52" bec="0" bev="0" fileid="8" xmlns:p8="xsi" />
            </Method>
          </Methods>
        </Class>
        <Class>
          <Summary numSequencePoints="1" visitedSequencePoints="0" numBranchPoints="0" visitedBranchPoints="0" sequenceCoverage="0" branchCoverage="100" maxCyclomaticComplexity="1" minCyclomaticComplexity="1" visitedClasses="0" numClasses="1" visitedMethods="0" numMethods="1" />
          <FullName>AspNetCoreGeneratedDocument.Views_Home_Index/&lt;ExecuteAsync&gt;d__0</FullName>
          <Methods>
            <Method cyclomaticComplexity="1" nPathComplexity="1" sequenceCoverage="0" branchCoverage="100" isConstructor="False" isGetter="False" isSetter="False" isStatic="True">
              <Summary numSequencePoints="1" visitedSequencePoints="0" numBranchPoints="0" visitedBranchPoints="0" sequenceCoverage="0" branchCoverage="100" maxCyclomaticComplexity="1" minCyclomaticComplexity="1" visitedClasses="0" numClasses="0" visitedMethods="0" numMethods="1" />
              <MetadataToken />
              <Name>System.Void AspNetCoreGeneratedDocument.Views_Home_Index/&lt;ExecuteAsync&gt;d__0::MoveNext()</Name>
              <FileRef uid="9" />
              <SequencePoints>
                <SequencePoint vc="0" uspid="2" ordinal="0" sl="2" sc="1" el="2" ec="2" bec="0" bev="0" fileid="9" />
              </SequencePoints>
              <BranchPoints />
              <MethodPoint vc="0" uspid="0" p8:type="SequencePoint" ordinal="0" offset="0" sc="0" sl="2" ec="1" el="2" bec="0" bev="0" fileid="9" xmlns:p8="xsi" />
            </Method>
          </Methods>
        </Class>
        <Class>
          <Summary numSequencePoints="1" visitedSequencePoints="0" numBranchPoints="0" visitedBranchPoints="0" sequenceCoverage="0" branchCoverage="100" maxCyclomaticComplexity="1" minCyclomaticComplexity="1" visitedClasses="0" numClasses="1" visitedMethods="0" numMethods="1" />
          <FullName>AspNetCoreGeneratedDocument.Views_Home_Privacy/&lt;ExecuteAsync&gt;d__0</FullName>
          <Methods>
            <Method cyclomaticComplexity="1" nPathComplexity="1" sequenceCoverage="0" branchCoverage="100" isConstructor="False" isGetter="False" isSetter="False" isStatic="True">
              <Summary numSequencePoints="1" visitedSequencePoints="0" numBranchPoints="0" visitedBranchPoints="0" sequenceCoverage="0" branchCoverage="100" maxCyclomaticComplexity="1" minCyclomaticComplexity="1" visitedClasses="0" numClasses="0" visitedMethods="0" numMethods="1" />
              <MetadataToken />
              <Name>System.Void AspNetCoreGeneratedDocument.Views_Home_Privacy/&lt;ExecuteAsync&gt;d__0::MoveNext()</Name>
              <FileRef uid="10" />
              <SequencePoints>
                <SequencePoint vc="0" uspid="2" ordinal="0" sl="2" sc="1" el="2" ec="2" bec="0" bev="0" fileid="10" />
              </SequencePoints>
              <BranchPoints />
              <MethodPoint vc="0" uspid="0" p8:type="SequencePoint" ordinal="0" offset="0" sc="0" sl="2" ec="1" el="2" bec="0" bev="0" fileid="10" xmlns:p8="xsi" />
            </Method>
          </Methods>
        </Class>
        <Class>
          <Summary numSequencePoints="1" visitedSequencePoints="0" numBranchPoints="0" visitedBranchPoints="0" sequenceCoverage="0" branchCoverage="100" maxCyclomaticComplexity="1" minCyclomaticComplexity="1" visitedClasses="0" numClasses="1" visitedMethods="0" numMethods="1" />
          <FullName>AspNetCoreGeneratedDocument.Views_Projects_Create/&lt;&lt;ExecuteAsync&gt;b__28_2&gt;d</FullName>
          <Methods>
            <Method cyclomaticComplexity="1" nPathComplexity="1" sequenceCoverage="0" branchCoverage="100" isConstructor="False" isGetter="False" isSetter="False" isStatic="True">
              <Summary numSequencePoints="1" visitedSequencePoints="0" numBranchPoints="0" visitedBranchPoints="0" sequenceCoverage="0" branchCoverage="100" maxCyclomaticComplexity="1" minCyclomaticComplexity="1" visitedClasses="0" numClasses="0" visitedMethods="0" numMethods="1" />
              <MetadataToken />
              <Name>System.Void AspNetCoreGeneratedDocument.Views_Projects_Create/&lt;&lt;ExecuteAsync&gt;b__28_2&gt;d::MoveNext()</Name>
              <FileRef uid="11" />
              <SequencePoints>
                <SequencePoint vc="0" uspid="75" ordinal="0" sl="75" sc="1" el="75" ec="2" bec="0" bev="0" fileid="11" />
              </SequencePoints>
              <BranchPoints />
              <MethodPoint vc="0" uspid="0" p8:type="SequencePoint" ordinal="0" offset="0" sc="0" sl="75" ec="1" el="75" bec="0" bev="0" fileid="11" xmlns:p8="xsi" />
            </Method>
          </Methods>
        </Class>
        <Class>
          <Summary numSequencePoints="2" visitedSequencePoints="0" numBranchPoints="4" visitedBranchPoints="0" sequenceCoverage="0" branchCoverage="0" maxCyclomaticComplexity="4" minCyclomaticComplexity="4" visitedClasses="0" numClasses="1" visitedMethods="0" numMethods="1" />
          <FullName>AspNetCoreGeneratedDocument.Views_Projects_Create/&lt;ExecuteAsync&gt;d__28</FullName>
          <Methods>
            <Method cyclomaticComplexity="4" nPathComplexity="4" sequenceCoverage="0" branchCoverage="0" isConstructor="False" isGetter="False" isSetter="False" isStatic="True">
              <Summary numSequencePoints="2" visitedSequencePoints="0" numBranchPoints="4" visitedBranchPoints="0" sequenceCoverage="0" branchCoverage="0" maxCyclomaticComplexity="4" minCyclomaticComplexity="4" visitedClasses="0" numClasses="0" visitedMethods="0" numMethods="1" />
              <MetadataToken />
              <Name>System.Void AspNetCoreGeneratedDocument.Views_Projects_Create/&lt;ExecuteAsync&gt;d__28::MoveNext()</Name>
              <FileRef uid="11" />
              <SequencePoints>
                <SequencePoint vc="0" uspid="4" ordinal="0" sl="4" sc="1" el="4" ec="2" bec="0" bev="0" fileid="11" />
                <SequencePoint vc="0" uspid="5" ordinal="1" sl="5" sc="1" el="5" ec="2" bec="4" bev="0" fileid="11" />
              </SequencePoints>
              <BranchPoints>
                <BranchPoint vc="0" uspid="5" ordinal="0" path="0" offset="536" offsetend="538" sl="5" fileid="11" />
                <BranchPoint vc="0" uspid="5" ordinal="1" path="1" offset="536" offsetend="649" sl="5" fileid="11" />
                <BranchPoint vc="0" uspid="5" ordinal="2" path="0" offset="1045" offsetend="1047" sl="5" fileid="11" />
                <BranchPoint vc="0" uspid="5" ordinal="3" path="1" offset="1045" offsetend="1158" sl="5" fileid="11" />
              </BranchPoints>
              <MethodPoint vc="0" uspid="0" p8:type="SequencePoint" ordinal="0" offset="0" sc="0" sl="4" ec="1" el="5" bec="0" bev="0" fileid="11" xmlns:p8="xsi" />
            </Method>
          </Methods>
        </Class>
        <Class>
          <Summary numSequencePoints="2" visitedSequencePoints="0" numBranchPoints="2" visitedBranchPoints="0" sequenceCoverage="0" branchCoverage="0" maxCyclomaticComplexity="2" minCyclomaticComplexity="2" visitedClasses="0" numClasses="1" visitedMethods="0" numMethods="1" />
          <FullName>AspNetCoreGeneratedDocument.Views_Projects_Delete/&lt;ExecuteAsync&gt;d__14</FullName>
          <Methods>
            <Method cyclomaticComplexity="2" nPathComplexity="2" sequenceCoverage="0" branchCoverage="0" isConstructor="False" isGetter="False" isSetter="False" isStatic="True">
              <Summary numSequencePoints="2" visitedSequencePoints="0" numBranchPoints="2" visitedBranchPoints="0" sequenceCoverage="0" branchCoverage="0" maxCyclomaticComplexity="2" minCyclomaticComplexity="2" visitedClasses="0" numClasses="0" visitedMethods="0" numMethods="1" />
              <MetadataToken />
              <Name>System.Void AspNetCoreGeneratedDocument.Views_Projects_Delete/&lt;ExecuteAsync&gt;d__14::MoveNext()</Name>
              <FileRef uid="12" />
              <SequencePoints>
                <SequencePoint vc="0" uspid="4" ordinal="0" sl="4" sc="1" el="4" ec="2" bec="0" bev="0" fileid="12" />
                <SequencePoint vc="0" uspid="5" ordinal="1" sl="5" sc="1" el="5" ec="2" bec="2" bev="0" fileid="12" />
              </SequencePoints>
              <BranchPoints>
                <BranchPoint vc="0" uspid="5" ordinal="0" path="0" offset="1535" offsetend="1537" sl="5" fileid="12" />
                <BranchPoint vc="0" uspid="5" ordinal="1" path="1" offset="1535" offsetend="1648" sl="5" fileid="12" />
              </BranchPoints>
              <MethodPoint vc="0" uspid="0" p8:type="SequencePoint" ordinal="0" offset="0" sc="0" sl="4" ec="1" el="5" bec="0" bev="0" fileid="12" xmlns:p8="xsi" />
            </Method>
          </Methods>
        </Class>
        <Class>
          <Summary numSequencePoints="10" visitedSequencePoints="0" numBranchPoints="14" visitedBranchPoints="0" sequenceCoverage="0" branchCoverage="0" maxCyclomaticComplexity="14" minCyclomaticComplexity="14" visitedClasses="0" numClasses="1" visitedMethods="0" numMethods="1" />
          <FullName>AspNetCoreGeneratedDocument.Views_Projects_Details/&lt;ExecuteAsync&gt;d__9</FullName>
          <Methods>
            <Method cyclomaticComplexity="14" nPathComplexity="14" sequenceCoverage="0" branchCoverage="0" isConstructor="False" isGetter="False" isSetter="False" isStatic="True">
              <Summary numSequencePoints="10" visitedSequencePoints="0" numBranchPoints="14" visitedBranchPoints="0" sequenceCoverage="0" branchCoverage="0" maxCyclomaticComplexity="14" minCyclomaticComplexity="14" visitedClasses="0" numClasses="0" visitedMethods="0" numMethods="1" />
              <MetadataToken />
              <Name>System.Void AspNetCoreGeneratedDocument.Views_Projects_Details/&lt;ExecuteAsync&gt;d__9::MoveNext()</Name>
              <FileRef uid="13" />
              <SequencePoints>
                <SequencePoint vc="0" uspid="4" ordinal="0" sl="4" sc="1" el="4" ec="2" bec="0" bev="0" fileid="13" />
                <SequencePoint vc="0" uspid="5" ordinal="1" sl="5" sc="1" el="5" ec="2" bec="0" bev="0" fileid="13" />
                <SequencePoint vc="0" uspid="40" ordinal="2" sl="40" sc="1" el="40" ec="2" bec="4" bev="0" fileid="13" />
                <SequencePoint vc="0" uspid="41" ordinal="3" sl="41" sc="1" el="41" ec="2" bec="0" bev="0" fileid="13" />
                <SequencePoint vc="0" uspid="43" ordinal="4" sl="43" sc="1" el="43" ec="2" bec="2" bev="0" fileid="13" />
                <SequencePoint vc="0" uspid="44" ordinal="5" sl="44" sc="1" el="44" ec="2" bec="0" bev="0" fileid="13" />
                <SequencePoint vc="0" uspid="46" ordinal="6" sl="46" sc="1" el="46" ec="2" bec="0" bev="0" fileid="13" />
                <SequencePoint vc="0" uspid="48" ordinal="7" sl="48" sc="1" el="48" ec="2" bec="0" bev="0" fileid="13" />
                <SequencePoint vc="0" uspid="50" ordinal="8" sl="50" sc="1" el="50" ec="2" bec="0" bev="0" fileid="13" />
                <SequencePoint vc="0" uspid="52" ordinal="9" sl="52" sc="1" el="52" ec="2" bec="8" bev="0" fileid="13" />
              </SequencePoints>
              <BranchPoints>
                <BranchPoint vc="0" uspid="40" ordinal="0" path="0" offset="962" offsetend="964" sl="40" fileid="13" />
                <BranchPoint vc="0" uspid="40" ordinal="1" path="1" offset="962" offsetend="987" sl="40" fileid="13" />
                <BranchPoint vc="0" uspid="40" ordinal="2" path="0" offset="990" offsetend="995" sl="40" fileid="13" />
                <BranchPoint vc="0" uspid="43" ordinal="5" path="1" offset="1137" offsetend="1043" sl="43" fileid="13" />
                <BranchPoint vc="0" uspid="43" ordinal="4" path="0" offset="1137" offsetend="1139" sl="43" fileid="13" />
                <BranchPoint vc="0" uspid="40" ordinal="3" path="1" offset="990" offsetend="1193" sl="40" fileid="13" />
                <BranchPoint vc="0" uspid="52" ordinal="6" path="0" offset="1613" offsetend="1615" sl="52" fileid="13" />
                <BranchPoint vc="0" uspid="52" ordinal="7" path="1" offset="1613" offsetend="1648" sl="52" fileid="13" />
                <BranchPoint vc="0" uspid="52" ordinal="8" path="0" offset="1678" offsetend="1680" sl="52" fileid="13" />
                <BranchPoint vc="0" uspid="52" ordinal="9" path="1" offset="1678" offsetend="1693" sl="52" fileid="13" />
                <BranchPoint vc="0" uspid="52" ordinal="10" path="0" offset="1972" offsetend="1974" sl="52" fileid="13" />
                <BranchPoint vc="0" uspid="52" ordinal="11" path="1" offset="1972" offsetend="2086" sl="52" fileid="13" />
                <BranchPoint vc="0" uspid="52" ordinal="12" path="0" offset="2466" offsetend="2468" sl="52" fileid="13" />
                <BranchPoint vc="0" uspid="52" ordinal="13" path="1" offset="2466" offsetend="2580" sl="52" fileid="13" />
              </BranchPoints>
              <MethodPoint vc="0" uspid="0" p8:type="SequencePoint" ordinal="0" offset="0" sc="0" sl="4" ec="1" el="52" bec="0" bev="0" fileid="13" xmlns:p8="xsi" />
            </Method>
          </Methods>
        </Class>
        <Class>
          <Summary numSequencePoints="1" visitedSequencePoints="0" numBranchPoints="0" visitedBranchPoints="0" sequenceCoverage="0" branchCoverage="100" maxCyclomaticComplexity="1" minCyclomaticComplexity="1" visitedClasses="0" numClasses="1" visitedMethods="0" numMethods="1" />
          <FullName>AspNetCoreGeneratedDocument.Views_Projects_Edit/&lt;&lt;ExecuteAsync&gt;b__28_2&gt;d</FullName>
          <Methods>
            <Method cyclomaticComplexity="1" nPathComplexity="1" sequenceCoverage="0" branchCoverage="100" isConstructor="False" isGetter="False" isSetter="False" isStatic="True">
              <Summary numSequencePoints="1" visitedSequencePoints="0" numBranchPoints="0" visitedBranchPoints="0" sequenceCoverage="0" branchCoverage="100" maxCyclomaticComplexity="1" minCyclomaticComplexity="1" visitedClasses="0" numClasses="0" visitedMethods="0" numMethods="1" />
              <MetadataToken />
              <Name>System.Void AspNetCoreGeneratedDocument.Views_Projects_Edit/&lt;&lt;ExecuteAsync&gt;b__28_2&gt;d::MoveNext()</Name>
              <FileRef uid="14" />
              <SequencePoints>
                <SequencePoint vc="0" uspid="64" ordinal="0" sl="64" sc="1" el="64" ec="2" bec="0" bev="0" fileid="14" />
              </SequencePoints>
              <BranchPoints />
              <MethodPoint vc="0" uspid="0" p8:type="SequencePoint" ordinal="0" offset="0" sc="0" sl="64" ec="1" el="64" bec="0" bev="0" fileid="14" xmlns:p8="xsi" />
            </Method>
          </Methods>
        </Class>
        <Class>
          <Summary numSequencePoints="2" visitedSequencePoints="0" numBranchPoints="4" visitedBranchPoints="0" sequenceCoverage="0" branchCoverage="0" maxCyclomaticComplexity="4" minCyclomaticComplexity="4" visitedClasses="0" numClasses="1" visitedMethods="0" numMethods="1" />
          <FullName>AspNetCoreGeneratedDocument.Views_Projects_Edit/&lt;ExecuteAsync&gt;d__28</FullName>
          <Methods>
            <Method cyclomaticComplexity="4" nPathComplexity="4" sequenceCoverage="0" branchCoverage="0" isConstructor="False" isGetter="False" isSetter="False" isStatic="True">
              <Summary numSequencePoints="2" visitedSequencePoints="0" numBranchPoints="4" visitedBranchPoints="0" sequenceCoverage="0" branchCoverage="0" maxCyclomaticComplexity="4" minCyclomaticComplexity="4" visitedClasses="0" numClasses="0" visitedMethods="0" numMethods="1" />
              <MetadataToken />
              <Name>System.Void AspNetCoreGeneratedDocument.Views_Projects_Edit/&lt;ExecuteAsync&gt;d__28::MoveNext()</Name>
              <FileRef uid="14" />
              <SequencePoints>
                <SequencePoint vc="0" uspid="4" ordinal="0" sl="4" sc="1" el="4" ec="2" bec="0" bev="0" fileid="14" />
                <SequencePoint vc="0" uspid="5" ordinal="1" sl="5" sc="1" el="5" ec="2" bec="4" bev="0" fileid="14" />
              </SequencePoints>
              <BranchPoints>
                <BranchPoint vc="0" uspid="5" ordinal="0" path="0" offset="482" offsetend="484" sl="5" fileid="14" />
                <BranchPoint vc="0" uspid="5" ordinal="1" path="1" offset="482" offsetend="595" sl="5" fileid="14" />
                <BranchPoint vc="0" uspid="5" ordinal="2" path="0" offset="974" offsetend="976" sl="5" fileid="14" />
                <BranchPoint vc="0" uspid="5" ordinal="3" path="1" offset="974" offsetend="1087" sl="5" fileid="14" />
              </BranchPoints>
              <MethodPoint vc="0" uspid="0" p8:type="SequencePoint" ordinal="0" offset="0" sc="0" sl="4" ec="1" el="5" bec="0" bev="0" fileid="14" xmlns:p8="xsi" />
            </Method>
          </Methods>
        </Class>
        <Class>
          <Summary numSequencePoints="1" visitedSequencePoints="0" numBranchPoints="0" visitedBranchPoints="0" sequenceCoverage="0" branchCoverage="100" maxCyclomaticComplexity="1" minCyclomaticComplexity="1" visitedClasses="0" numClasses="1" visitedMethods="0" numMethods="1" />
          <FullName>AspNetCoreGeneratedDocument.Views_Projects_Index/&lt;&gt;c</FullName>
          <Methods>
            <Method cyclomaticComplexity="1" nPathComplexity="1" sequenceCoverage="0" branchCoverage="100" isConstructor="False" isGetter="False" isSetter="False" isStatic="True">
              <Summary numSequencePoints="1" visitedSequencePoints="0" numBranchPoints="0" visitedBranchPoints="0" sequenceCoverage="0" branchCoverage="100" maxCyclomaticComplexity="1" minCyclomaticComplexity="1" visitedClasses="0" numClasses="0" visitedMethods="0" numMethods="1" />
              <MetadataToken />
              <Name>System.String AspNetCoreGeneratedDocument.Views_Projects_Index/&lt;&gt;c::&lt;ExecuteAsync&gt;b__11_10(ERMS.Models.Employee)</Name>
              <FileRef uid="15" />
              <SequencePoints>
                <SequencePoint vc="0" uspid="55" ordinal="0" sl="55" sc="1" el="55" ec="2" bec="0" bev="0" fileid="15" />
              </SequencePoints>
              <BranchPoints />
              <MethodPoint vc="0" uspid="0" p8:type="SequencePoint" ordinal="0" offset="0" sc="0" sl="55" ec="1" el="55" bec="0" bev="0" fileid="15" xmlns:p8="xsi" />
            </Method>
          </Methods>
        </Class>
        <Class>
          <Summary numSequencePoints="9" visitedSequencePoints="0" numBranchPoints="20" visitedBranchPoints="0" sequenceCoverage="0" branchCoverage="0" maxCyclomaticComplexity="20" minCyclomaticComplexity="20" visitedClasses="0" numClasses="1" visitedMethods="0" numMethods="1" />
          <FullName>AspNetCoreGeneratedDocument.Views_Projects_Index/&lt;ExecuteAsync&gt;d__11</FullName>
          <Methods>
            <Method cyclomaticComplexity="20" nPathComplexity="20" sequenceCoverage="0" branchCoverage="0" isConstructor="False" isGetter="False" isSetter="False" isStatic="True">
              <Summary numSequencePoints="9" visitedSequencePoints="0" numBranchPoints="20" visitedBranchPoints="0" sequenceCoverage="0" branchCoverage="0" maxCyclomaticComplexity="20" minCyclomaticComplexity="20" visitedClasses="0" numClasses="0" visitedMethods="0" numMethods="1" />
              <MetadataToken />
              <Name>System.Void AspNetCoreGeneratedDocument.Views_Projects_Index/&lt;ExecuteAsync&gt;d__11::MoveNext()</Name>
              <FileRef uid="15" />
              <SequencePoints>
                <SequencePoint vc="0" uspid="4" ordinal="0" sl="4" sc="1" el="4" ec="2" bec="0" bev="0" fileid="15" />
                <SequencePoint vc="0" uspid="5" ordinal="1" sl="5" sc="1" el="5" ec="2" bec="2" bev="0" fileid="15" />
                <SequencePoint vc="0" uspid="38" ordinal="2" sl="38" sc="1" el="38" ec="2" bec="2" bev="0" fileid="15" />
                <SequencePoint vc="0" uspid="53" ordinal="3" sl="53" sc="1" el="53" ec="2" bec="4" bev="0" fileid="15" />
                <SequencePoint vc="0" uspid="54" ordinal="4" sl="54" sc="1" el="54" ec="2" bec="0" bev="0" fileid="15" />
                <SequencePoint vc="0" uspid="56" ordinal="5" sl="56" sc="1" el="56" ec="2" bec="0" bev="0" fileid="15" />
                <SequencePoint vc="0" uspid="58" ordinal="6" sl="58" sc="1" el="58" ec="2" bec="0" bev="0" fileid="15" />
                <SequencePoint vc="0" uspid="60" ordinal="7" sl="60" sc="1" el="60" ec="2" bec="12" bev="0" fileid="15" />
                <SequencePoint vc="0" uspid="72" ordinal="8" sl="72" sc="1" el="72" ec="2" bec="0" bev="0" fileid="15" />
              </SequencePoints>
              <BranchPoints>
                <BranchPoint vc="0" uspid="5" ordinal="0" path="0" offset="443" offsetend="445" sl="5" fileid="15" />
                <BranchPoint vc="0" uspid="5" ordinal="1" path="1" offset="443" offsetend="556" sl="5" fileid="15" />
                <BranchPoint vc="0" uspid="38" ordinal="19" path="1" offset="4285" offsetend="1246" sl="38" fileid="15" />
                <BranchPoint vc="0" uspid="53" ordinal="2" path="0" offset="1869" offsetend="1871" sl="53" fileid="15" />
                <BranchPoint vc="0" uspid="53" ordinal="3" path="1" offset="1869" offsetend="1894" sl="53" fileid="15" />
                <BranchPoint vc="0" uspid="53" ordinal="4" path="0" offset="1899" offsetend="1901" sl="53" fileid="15" />
                <BranchPoint vc="0" uspid="53" ordinal="5" path="1" offset="1899" offsetend="1979" sl="53" fileid="15" />
                <BranchPoint vc="0" uspid="60" ordinal="6" path="0" offset="2336" offsetend="2338" sl="60" fileid="15" />
                <BranchPoint vc="0" uspid="60" ordinal="7" path="1" offset="2336" offsetend="2371" sl="60" fileid="15" />
                <BranchPoint vc="0" uspid="60" ordinal="8" path="0" offset="2673" offsetend="2675" sl="60" fileid="15" />
                <BranchPoint vc="0" uspid="60" ordinal="9" path="1" offset="2673" offsetend="2786" sl="60" fileid="15" />
                <BranchPoint vc="0" uspid="60" ordinal="10" path="0" offset="3040" offsetend="3042" sl="60" fileid="15" />
                <BranchPoint vc="0" uspid="60" ordinal="11" path="1" offset="3040" offsetend="3075" sl="60" fileid="15" />
                <BranchPoint vc="0" uspid="60" ordinal="12" path="0" offset="3377" offsetend="3379" sl="60" fileid="15" />
                <BranchPoint vc="0" uspid="60" ordinal="13" path="1" offset="3377" offsetend="3490" sl="60" fileid="15" />
                <BranchPoint vc="0" uspid="60" ordinal="14" path="0" offset="3744" offsetend="3746" sl="60" fileid="15" />
                <BranchPoint vc="0" uspid="60" ordinal="15" path="1" offset="3744" offsetend="3779" sl="60" fileid="15" />
                <BranchPoint vc="0" uspid="60" ordinal="16" path="0" offset="4081" offsetend="4083" sl="60" fileid="15" />
                <BranchPoint vc="0" uspid="60" ordinal="17" path="1" offset="4081" offsetend="4194" sl="60" fileid="15" />
                <BranchPoint vc="0" uspid="38" ordinal="18" path="0" offset="4285" offsetend="4290" sl="38" fileid="15" />
              </BranchPoints>
              <MethodPoint vc="0" uspid="0" p8:type="SequencePoint" ordinal="0" offset="0" sc="0" sl="4" ec="1" el="72" bec="0" bev="0" fileid="15" xmlns:p8="xsi" />
            </Method>
          </Methods>
        </Class>
        <Class>
          <Summary numSequencePoints="1" visitedSequencePoints="0" numBranchPoints="0" visitedBranchPoints="0" sequenceCoverage="0" branchCoverage="100" maxCyclomaticComplexity="1" minCyclomaticComplexity="1" visitedClasses="0" numClasses="1" visitedMethods="0" numMethods="1" />
          <FullName>AspNetCoreGeneratedDocument.Views_Shared_AccessDenied/&lt;ExecuteAsync&gt;d__0</FullName>
          <Methods>
            <Method cyclomaticComplexity="1" nPathComplexity="1" sequenceCoverage="0" branchCoverage="100" isConstructor="False" isGetter="False" isSetter="False" isStatic="True">
              <Summary numSequencePoints="1" visitedSequencePoints="0" numBranchPoints="0" visitedBranchPoints="0" sequenceCoverage="0" branchCoverage="100" maxCyclomaticComplexity="1" minCyclomaticComplexity="1" visitedClasses="0" numClasses="0" visitedMethods="0" numMethods="1" />
              <MetadataToken />
              <Name>System.Void AspNetCoreGeneratedDocument.Views_Shared_AccessDenied/&lt;ExecuteAsync&gt;d__0::MoveNext()</Name>
              <FileRef uid="16" />
              <SequencePoints>
                <SequencePoint vc="0" uspid="2" ordinal="0" sl="2" sc="1" el="2" ec="2" bec="0" bev="0" fileid="16" />
              </SequencePoints>
              <BranchPoints />
              <MethodPoint vc="0" uspid="0" p8:type="SequencePoint" ordinal="0" offset="0" sc="0" sl="2" ec="1" el="2" bec="0" bev="0" fileid="16" xmlns:p8="xsi" />
            </Method>
          </Methods>
        </Class>
        <Class>
          <Summary numSequencePoints="4" visitedSequencePoints="0" numBranchPoints="2" visitedBranchPoints="0" sequenceCoverage="0" branchCoverage="0" maxCyclomaticComplexity="2" minCyclomaticComplexity="2" visitedClasses="0" numClasses="1" visitedMethods="0" numMethods="1" />
          <FullName>AspNetCoreGeneratedDocument.Views_Shared_Error/&lt;ExecuteAsync&gt;d__0</FullName>
          <Methods>
            <Method cyclomaticComplexity="2" nPathComplexity="2" sequenceCoverage="0" branchCoverage="0" isConstructor="False" isGetter="False" isSetter="False" isStatic="True">
              <Summary numSequencePoints="4" visitedSequencePoints="0" numBranchPoints="2" visitedBranchPoints="0" sequenceCoverage="0" branchCoverage="0" maxCyclomaticComplexity="2" minCyclomaticComplexity="2" visitedClasses="0" numClasses="0" visitedMethods="0" numMethods="1" />
              <MetadataToken />
              <Name>System.Void AspNetCoreGeneratedDocument.Views_Shared_Error/&lt;ExecuteAsync&gt;d__0::MoveNext()</Name>
              <FileRef uid="17" />
              <SequencePoints>
                <SequencePoint vc="0" uspid="3" ordinal="0" sl="3" sc="1" el="3" ec="2" bec="0" bev="0" fileid="17" />
                <SequencePoint vc="0" uspid="9" ordinal="1" sl="9" sc="1" el="9" ec="2" bec="2" bev="0" fileid="17" />
                <SequencePoint vc="0" uspid="10" ordinal="2" sl="10" sc="1" el="10" ec="2" bec="0" bev="0" fileid="17" />
                <SequencePoint vc="0" uspid="14" ordinal="3" sl="14" sc="1" el="14" ec="2" bec="0" bev="0" fileid="17" />
              </SequencePoints>
              <BranchPoints>
                <BranchPoint vc="0" uspid="9" ordinal="0" path="0" offset="70" offsetend="72" sl="9" fileid="17" />
                <BranchPoint vc="0" uspid="9" ordinal="1" path="1" offset="70" offsetend="136" sl="9" fileid="17" />
              </BranchPoints>
              <MethodPoint vc="0" uspid="0" p8:type="SequencePoint" ordinal="0" offset="0" sc="0" sl="3" ec="1" el="14" bec="0" bev="0" fileid="17" xmlns:p8="xsi" />
            </Method>
          </Methods>
        </Class>
        <Class>
          <Summary numSequencePoints="5" visitedSequencePoints="0" numBranchPoints="10" visitedBranchPoints="0" sequenceCoverage="0" branchCoverage="0" maxCyclomaticComplexity="10" minCyclomaticComplexity="10" visitedClasses="0" numClasses="1" visitedMethods="0" numMethods="1" />
          <FullName>AspNetCoreGeneratedDocument.Views_Shared__LoginPartial/&lt;ExecuteAsync&gt;d__18</FullName>
          <Methods>
            <Method cyclomaticComplexity="10" nPathComplexity="10" sequenceCoverage="0" branchCoverage="0" isConstructor="False" isGetter="False" isSetter="False" isStatic="True">
              <Summary numSequencePoints="5" visitedSequencePoints="0" numBranchPoints="10" visitedBranchPoints="0" sequenceCoverage="0" branchCoverage="0" maxCyclomaticComplexity="10" minCyclomaticComplexity="10" visitedClasses="0" numClasses="0" visitedMethods="0" numMethods="1" />
              <MetadataToken />
              <Name>System.Void AspNetCoreGeneratedDocument.Views_Shared__LoginPartial/&lt;ExecuteAsync&gt;d__18::MoveNext()</Name>
              <FileRef uid="18" />
              <SequencePoints>
                <SequencePoint vc="0" uspid="6" ordinal="0" sl="6" sc="1" el="6" ec="2" bec="2" bev="0" fileid="18" />
                <SequencePoint vc="0" uspid="7" ordinal="1" sl="7" sc="1" el="7" ec="2" bec="4" bev="0" fileid="18" />
                <SequencePoint vc="0" uspid="16" ordinal="2" sl="16" sc="1" el="16" ec="2" bec="0" bev="0" fileid="18" />
                <SequencePoint vc="0" uspid="18" ordinal="3" sl="18" sc="1" el="18" ec="2" bec="4" bev="0" fileid="18" />
                <SequencePoint vc="0" uspid="25" ordinal="4" sl="25" sc="1" el="25" ec="2" bec="0" bev="0" fileid="18" />
              </SequencePoints>
              <BranchPoints>
                <BranchPoint vc="0" uspid="6" ordinal="0" path="0" offset="134" offsetend="139" sl="6" fileid="18" />
                <BranchPoint vc="0" uspid="7" ordinal="2" path="0" offset="559" offsetend="561" sl="7" fileid="18" />
                <BranchPoint vc="0" uspid="7" ordinal="3" path="1" offset="559" offsetend="672" sl="7" fileid="18" />
                <BranchPoint vc="0" uspid="7" ordinal="4" path="0" offset="1209" offsetend="1211" sl="7" fileid="18" />
                <BranchPoint vc="0" uspid="7" ordinal="5" path="1" offset="1209" offsetend="1322" sl="7" fileid="18" />
                <BranchPoint vc="0" uspid="6" ordinal="1" path="1" offset="134" offsetend="1400" sl="6" fileid="18" />
                <BranchPoint vc="0" uspid="18" ordinal="6" path="0" offset="1801" offsetend="1803" sl="18" fileid="18" />
                <BranchPoint vc="0" uspid="18" ordinal="7" path="1" offset="1801" offsetend="1914" sl="18" fileid="18" />
                <BranchPoint vc="0" uspid="18" ordinal="8" path="0" offset="2369" offsetend="2371" sl="18" fileid="18" />
                <BranchPoint vc="0" uspid="18" ordinal="9" path="1" offset="2369" offsetend="2482" sl="18" fileid="18" />
              </BranchPoints>
              <MethodPoint vc="0" uspid="0" p8:type="SequencePoint" ordinal="0" offset="0" sc="0" sl="6" ec="1" el="25" bec="0" bev="0" fileid="18" xmlns:p8="xsi" />
            </Method>
          </Methods>
        </Class>
        <Class>
          <Summary numSequencePoints="1" visitedSequencePoints="0" numBranchPoints="0" visitedBranchPoints="0" sequenceCoverage="0" branchCoverage="100" maxCyclomaticComplexity="1" minCyclomaticComplexity="1" visitedClasses="0" numClasses="1" visitedMethods="0" numMethods="1" />
          <FullName>AspNetCoreGeneratedDocument.Views_TaskItems_Create/&lt;&lt;ExecuteAsync&gt;b__31_2&gt;d</FullName>
          <Methods>
            <Method cyclomaticComplexity="1" nPathComplexity="1" sequenceCoverage="0" branchCoverage="100" isConstructor="False" isGetter="False" isSetter="False" isStatic="True">
              <Summary numSequencePoints="1" visitedSequencePoints="0" numBranchPoints="0" visitedBranchPoints="0" sequenceCoverage="0" branchCoverage="100" maxCyclomaticComplexity="1" minCyclomaticComplexity="1" visitedClasses="0" numClasses="0" visitedMethods="0" numMethods="1" />
              <MetadataToken />
              <Name>System.Void AspNetCoreGeneratedDocument.Views_TaskItems_Create/&lt;&lt;ExecuteAsync&gt;b__31_2&gt;d::MoveNext()</Name>
              <FileRef uid="19" />
              <SequencePoints>
                <SequencePoint vc="0" uspid="72" ordinal="0" sl="72" sc="1" el="72" ec="2" bec="0" bev="0" fileid="19" />
              </SequencePoints>
              <BranchPoints />
              <MethodPoint vc="0" uspid="0" p8:type="SequencePoint" ordinal="0" offset="0" sc="0" sl="72" ec="1" el="72" bec="0" bev="0" fileid="19" xmlns:p8="xsi" />
            </Method>
          </Methods>
        </Class>
        <Class>
          <Summary numSequencePoints="2" visitedSequencePoints="0" numBranchPoints="4" visitedBranchPoints="0" sequenceCoverage="0" branchCoverage="0" maxCyclomaticComplexity="4" minCyclomaticComplexity="4" visitedClasses="0" numClasses="1" visitedMethods="0" numMethods="1" />
          <FullName>AspNetCoreGeneratedDocument.Views_TaskItems_Create/&lt;ExecuteAsync&gt;d__31</FullName>
          <Methods>
            <Method cyclomaticComplexity="4" nPathComplexity="4" sequenceCoverage="0" branchCoverage="0" isConstructor="False" isGetter="False" isSetter="False" isStatic="True">
              <Summary numSequencePoints="2" visitedSequencePoints="0" numBranchPoints="4" visitedBranchPoints="0" sequenceCoverage="0" branchCoverage="0" maxCyclomaticComplexity="4" minCyclomaticComplexity="4" visitedClasses="0" numClasses="0" visitedMethods="0" numMethods="1" />
              <MetadataToken />
              <Name>System.Void AspNetCoreGeneratedDocument.Views_TaskItems_Create/&lt;ExecuteAsync&gt;d__31::MoveNext()</Name>
              <FileRef uid="19" />
              <SequencePoints>
                <SequencePoint vc="0" uspid="4" ordinal="0" sl="4" sc="1" el="4" ec="2" bec="0" bev="0" fileid="19" />
                <SequencePoint vc="0" uspid="5" ordinal="1" sl="5" sc="1" el="5" ec="2" bec="4" bev="0" fileid="19" />
              </SequencePoints>
              <BranchPoints>
                <BranchPoint vc="0" uspid="5" ordinal="0" path="0" offset="482" offsetend="484" sl="5" fileid="19" />
                <BranchPoint vc="0" uspid="5" ordinal="1" path="1" offset="482" offsetend="595" sl="5" fileid="19" />
                <BranchPoint vc="0" uspid="5" ordinal="2" path="0" offset="974" offsetend="976" sl="5" fileid="19" />
                <BranchPoint vc="0" uspid="5" ordinal="3" path="1" offset="974" offsetend="1087" sl="5" fileid="19" />
              </BranchPoints>
              <MethodPoint vc="0" uspid="0" p8:type="SequencePoint" ordinal="0" offset="0" sc="0" sl="4" ec="1" el="5" bec="0" bev="0" fileid="19" xmlns:p8="xsi" />
            </Method>
          </Methods>
        </Class>
        <Class>
          <Summary numSequencePoints="2" visitedSequencePoints="0" numBranchPoints="2" visitedBranchPoints="0" sequenceCoverage="0" branchCoverage="0" maxCyclomaticComplexity="2" minCyclomaticComplexity="2" visitedClasses="0" numClasses="1" visitedMethods="0" numMethods="1" />
          <FullName>AspNetCoreGeneratedDocument.Views_TaskItems_Delete/&lt;ExecuteAsync&gt;d__13</FullName>
          <Methods>
            <Method cyclomaticComplexity="2" nPathComplexity="2" sequenceCoverage="0" branchCoverage="0" isConstructor="False" isGetter="False" isSetter="False" isStatic="True">
              <Summary numSequencePoints="2" visitedSequencePoints="0" numBranchPoints="2" visitedBranchPoints="0" sequenceCoverage="0" branchCoverage="0" maxCyclomaticComplexity="2" minCyclomaticComplexity="2" visitedClasses="0" numClasses="0" visitedMethods="0" numMethods="1" />
              <MetadataToken />
              <Name>System.Void AspNetCoreGeneratedDocument.Views_TaskItems_Delete/&lt;ExecuteAsync&gt;d__13::MoveNext()</Name>
              <FileRef uid="20" />
              <SequencePoints>
                <SequencePoint vc="0" uspid="4" ordinal="0" sl="4" sc="1" el="4" ec="2" bec="0" bev="0" fileid="20" />
                <SequencePoint vc="0" uspid="5" ordinal="1" sl="5" sc="1" el="5" ec="2" bec="2" bev="0" fileid="20" />
              </SequencePoints>
              <BranchPoints>
                <BranchPoint vc="0" uspid="5" ordinal="0" path="0" offset="1725" offsetend="1727" sl="5" fileid="20" />
                <BranchPoint vc="0" uspid="5" ordinal="1" path="1" offset="1725" offsetend="1838" sl="5" fileid="20" />
              </BranchPoints>
              <MethodPoint vc="0" uspid="0" p8:type="SequencePoint" ordinal="0" offset="0" sc="0" sl="4" ec="1" el="5" bec="0" bev="0" fileid="20" xmlns:p8="xsi" />
            </Method>
          </Methods>
        </Class>
        <Class>
          <Summary numSequencePoints="2" visitedSequencePoints="0" numBranchPoints="8" visitedBranchPoints="0" sequenceCoverage="0" branchCoverage="0" maxCyclomaticComplexity="8" minCyclomaticComplexity="8" visitedClasses="0" numClasses="1" visitedMethods="0" numMethods="1" />
          <FullName>AspNetCoreGeneratedDocument.Views_TaskItems_Details/&lt;ExecuteAsync&gt;d__9</FullName>
          <Methods>
            <Method cyclomaticComplexity="8" nPathComplexity="8" sequenceCoverage="0" branchCoverage="0" isConstructor="False" isGetter="False" isSetter="False" isStatic="True">
              <Summary numSequencePoints="2" visitedSequencePoints="0" numBranchPoints="8" visitedBranchPoints="0" sequenceCoverage="0" branchCoverage="0" maxCyclomaticComplexity="8" minCyclomaticComplexity="8" visitedClasses="0" numClasses="0" visitedMethods="0" numMethods="1" />
              <MetadataToken />
              <Name>System.Void AspNetCoreGeneratedDocument.Views_TaskItems_Details/&lt;ExecuteAsync&gt;d__9::MoveNext()</Name>
              <FileRef uid="21" />
              <SequencePoints>
                <SequencePoint vc="0" uspid="4" ordinal="0" sl="4" sc="1" el="4" ec="2" bec="0" bev="0" fileid="21" />
                <SequencePoint vc="0" uspid="5" ordinal="1" sl="5" sc="1" el="5" ec="2" bec="8" bev="0" fileid="21" />
              </SequencePoints>
              <BranchPoints>
                <BranchPoint vc="0" uspid="5" ordinal="0" path="0" offset="1574" offsetend="1576" sl="5" fileid="21" />
                <BranchPoint vc="0" uspid="5" ordinal="1" path="1" offset="1574" offsetend="1609" sl="5" fileid="21" />
                <BranchPoint vc="0" uspid="5" ordinal="2" path="0" offset="1639" offsetend="1641" sl="5" fileid="21" />
                <BranchPoint vc="0" uspid="5" ordinal="3" path="1" offset="1639" offsetend="1653" sl="5" fileid="21" />
                <BranchPoint vc="0" uspid="5" ordinal="4" path="0" offset="1932" offsetend="1934" sl="5" fileid="21" />
                <BranchPoint vc="0" uspid="5" ordinal="5" path="1" offset="1932" offsetend="2046" sl="5" fileid="21" />
                <BranchPoint vc="0" uspid="5" ordinal="6" path="0" offset="2426" offsetend="2428" sl="5" fileid="21" />
                <BranchPoint vc="0" uspid="5" ordinal="7" path="1" offset="2426" offsetend="2540" sl="5" fileid="21" />
              </BranchPoints>
              <MethodPoint vc="0" uspid="0" p8:type="SequencePoint" ordinal="0" offset="0" sc="0" sl="4" ec="1" el="5" bec="0" bev="0" fileid="21" xmlns:p8="xsi" />
            </Method>
          </Methods>
        </Class>
        <Class>
          <Summary numSequencePoints="1" visitedSequencePoints="0" numBranchPoints="0" visitedBranchPoints="0" sequenceCoverage="0" branchCoverage="100" maxCyclomaticComplexity="1" minCyclomaticComplexity="1" visitedClasses="0" numClasses="1" visitedMethods="0" numMethods="1" />
          <FullName>AspNetCoreGeneratedDocument.Views_TaskItems_Edit/&lt;&lt;ExecuteAsync&gt;b__32_2&gt;d</FullName>
          <Methods>
            <Method cyclomaticComplexity="1" nPathComplexity="1" sequenceCoverage="0" branchCoverage="100" isConstructor="False" isGetter="False" isSetter="False" isStatic="True">
              <Summary numSequencePoints="1" visitedSequencePoints="0" numBranchPoints="0" visitedBranchPoints="0" sequenceCoverage="0" branchCoverage="100" maxCyclomaticComplexity="1" minCyclomaticComplexity="1" visitedClasses="0" numClasses="0" visitedMethods="0" numMethods="1" />
              <MetadataToken />
              <Name>System.Void AspNetCoreGeneratedDocument.Views_TaskItems_Edit/&lt;&lt;ExecuteAsync&gt;b__32_2&gt;d::MoveNext()</Name>
              <FileRef uid="22" />
              <SequencePoints>
                <SequencePoint vc="0" uspid="71" ordinal="0" sl="71" sc="1" el="71" ec="2" bec="0" bev="0" fileid="22" />
              </SequencePoints>
              <BranchPoints />
              <MethodPoint vc="0" uspid="0" p8:type="SequencePoint" ordinal="0" offset="0" sc="0" sl="71" ec="1" el="71" bec="0" bev="0" fileid="22" xmlns:p8="xsi" />
            </Method>
          </Methods>
        </Class>
        <Class>
          <Summary numSequencePoints="2" visitedSequencePoints="0" numBranchPoints="4" visitedBranchPoints="0" sequenceCoverage="0" branchCoverage="0" maxCyclomaticComplexity="4" minCyclomaticComplexity="4" visitedClasses="0" numClasses="1" visitedMethods="0" numMethods="1" />
          <FullName>AspNetCoreGeneratedDocument.Views_TaskItems_Edit/&lt;ExecuteAsync&gt;d__32</FullName>
          <Methods>
            <Method cyclomaticComplexity="4" nPathComplexity="4" sequenceCoverage="0" branchCoverage="0" isConstructor="False" isGetter="False" isSetter="False" isStatic="True">
              <Summary numSequencePoints="2" visitedSequencePoints="0" numBranchPoints="4" visitedBranchPoints="0" sequenceCoverage="0" branchCoverage="0" maxCyclomaticComplexity="4" minCyclomaticComplexity="4" visitedClasses="0" numClasses="0" visitedMethods="0" numMethods="1" />
              <MetadataToken />
              <Name>System.Void AspNetCoreGeneratedDocument.Views_TaskItems_Edit/&lt;ExecuteAsync&gt;d__32::MoveNext()</Name>
              <FileRef uid="22" />
              <SequencePoints>
                <SequencePoint vc="0" uspid="4" ordinal="0" sl="4" sc="1" el="4" ec="2" bec="0" bev="0" fileid="22" />
                <SequencePoint vc="0" uspid="5" ordinal="1" sl="5" sc="1" el="5" ec="2" bec="4" bev="0" fileid="22" />
              </SequencePoints>
              <BranchPoints>
                <BranchPoint vc="0" uspid="5" ordinal="0" path="0" offset="482" offsetend="484" sl="5" fileid="22" />
                <BranchPoint vc="0" uspid="5" ordinal="1" path="1" offset="482" offsetend="595" sl="5" fileid="22" />
                <BranchPoint vc="0" uspid="5" ordinal="2" path="0" offset="974" offsetend="976" sl="5" fileid="22" />
                <BranchPoint vc="0" uspid="5" ordinal="3" path="1" offset="974" offsetend="1087" sl="5" fileid="22" />
              </BranchPoints>
              <MethodPoint vc="0" uspid="0" p8:type="SequencePoint" ordinal="0" offset="0" sc="0" sl="4" ec="1" el="5" bec="0" bev="0" fileid="22" xmlns:p8="xsi" />
            </Method>
          </Methods>
        </Class>
        <Class>
          <Summary numSequencePoints="4" visitedSequencePoints="0" numBranchPoints="16" visitedBranchPoints="0" sequenceCoverage="0" branchCoverage="0" maxCyclomaticComplexity="16" minCyclomaticComplexity="16" visitedClasses="0" numClasses="1" visitedMethods="0" numMethods="1" />
          <FullName>AspNetCoreGeneratedDocument.Views_TaskItems_Index/&lt;ExecuteAsync&gt;d__11</FullName>
          <Methods>
            <Method cyclomaticComplexity="16" nPathComplexity="16" sequenceCoverage="0" branchCoverage="0" isConstructor="False" isGetter="False" isSetter="False" isStatic="True">
              <Summary numSequencePoints="4" visitedSequencePoints="0" numBranchPoints="16" visitedBranchPoints="0" sequenceCoverage="0" branchCoverage="0" maxCyclomaticComplexity="16" minCyclomaticComplexity="16" visitedClasses="0" numClasses="0" visitedMethods="0" numMethods="1" />
              <MetadataToken />
              <Name>System.Void AspNetCoreGeneratedDocument.Views_TaskItems_Index/&lt;ExecuteAsync&gt;d__11::MoveNext()</Name>
              <FileRef uid="23" />
              <SequencePoints>
                <SequencePoint vc="0" uspid="4" ordinal="0" sl="4" sc="1" el="4" ec="2" bec="0" bev="0" fileid="23" />
                <SequencePoint vc="0" uspid="5" ordinal="1" sl="5" sc="1" el="5" ec="2" bec="2" bev="0" fileid="23" />
                <SequencePoint vc="0" uspid="38" ordinal="2" sl="38" sc="1" el="38" ec="2" bec="14" bev="0" fileid="23" />
                <SequencePoint vc="0" uspid="64" ordinal="3" sl="64" sc="1" el="64" ec="2" bec="0" bev="0" fileid="23" />
              </SequencePoints>
              <BranchPoints>
                <BranchPoint vc="0" uspid="5" ordinal="0" path="0" offset="443" offsetend="445" sl="5" fileid="23" />
                <BranchPoint vc="0" uspid="5" ordinal="1" path="1" offset="443" offsetend="556" sl="5" fileid="23" />
                <BranchPoint vc="0" uspid="38" ordinal="15" path="1" offset="4407" offsetend="1351" sl="38" fileid="23" />
                <BranchPoint vc="0" uspid="38" ordinal="2" path="0" offset="2458" offsetend="2460" sl="38" fileid="23" />
                <BranchPoint vc="0" uspid="38" ordinal="3" path="1" offset="2458" offsetend="2493" sl="38" fileid="23" />
                <BranchPoint vc="0" uspid="38" ordinal="4" path="0" offset="2795" offsetend="2797" sl="38" fileid="23" />
                <BranchPoint vc="0" uspid="38" ordinal="5" path="1" offset="2795" offsetend="2908" sl="38" fileid="23" />
                <BranchPoint vc="0" uspid="38" ordinal="6" path="0" offset="3162" offsetend="3164" sl="38" fileid="23" />
                <BranchPoint vc="0" uspid="38" ordinal="7" path="1" offset="3162" offsetend="3197" sl="38" fileid="23" />
                <BranchPoint vc="0" uspid="38" ordinal="8" path="0" offset="3499" offsetend="3501" sl="38" fileid="23" />
                <BranchPoint vc="0" uspid="38" ordinal="9" path="1" offset="3499" offsetend="3612" sl="38" fileid="23" />
                <BranchPoint vc="0" uspid="38" ordinal="10" path="0" offset="3866" offsetend="3868" sl="38" fileid="23" />
                <BranchPoint vc="0" uspid="38" ordinal="11" path="1" offset="3866" offsetend="3901" sl="38" fileid="23" />
                <BranchPoint vc="0" uspid="38" ordinal="12" path="0" offset="4203" offsetend="4205" sl="38" fileid="23" />
                <BranchPoint vc="0" uspid="38" ordinal="13" path="1" offset="4203" offsetend="4316" sl="38" fileid="23" />
                <BranchPoint vc="0" uspid="38" ordinal="14" path="0" offset="4407" offsetend="4412" sl="38" fileid="23" />
              </BranchPoints>
              <MethodPoint vc="0" uspid="0" p8:type="SequencePoint" ordinal="0" offset="0" sc="0" sl="4" ec="1" el="64" bec="0" bev="0" fileid="23" xmlns:p8="xsi" />
            </Method>
          </Methods>
        </Class>
        <Class>
          <Summary numSequencePoints="1" visitedSequencePoints="0" numBranchPoints="0" visitedBranchPoints="0" sequenceCoverage="0" branchCoverage="100" maxCyclomaticComplexity="1" minCyclomaticComplexity="1" visitedClasses="0" numClasses="1" visitedMethods="0" numMethods="1" />
          <FullName>AspNetCoreGeneratedDocument.Views__ViewStart/&lt;ExecuteAsync&gt;d__0</FullName>
          <Methods>
            <Method cyclomaticComplexity="1" nPathComplexity="1" sequenceCoverage="0" branchCoverage="100" isConstructor="False" isGetter="False" isSetter="False" isStatic="True">
              <Summary numSequencePoints="1" visitedSequencePoints="0" numBranchPoints="0" visitedBranchPoints="0" sequenceCoverage="0" branchCoverage="100" maxCyclomaticComplexity="1" minCyclomaticComplexity="1" visitedClasses="0" numClasses="0" visitedMethods="0" numMethods="1" />
              <MetadataToken />
              <Name>System.Void AspNetCoreGeneratedDocument.Views__ViewStart/&lt;ExecuteAsync&gt;d__0::MoveNext()</Name>
              <FileRef uid="24" />
              <SequencePoints>
                <SequencePoint vc="0" uspid="2" ordinal="0" sl="2" sc="1" el="2" ec="2" bec="0" bev="0" fileid="24" />
              </SequencePoints>
              <BranchPoints />
              <MethodPoint vc="0" uspid="0" p8:type="SequencePoint" ordinal="0" offset="0" sc="0" sl="2" ec="1" el="2" bec="0" bev="0" fileid="24" xmlns:p8="xsi" />
            </Method>
          </Methods>
        </Class>
        <Class>
          <Summary numSequencePoints="3" visitedSequencePoints="0" numBranchPoints="24" visitedBranchPoints="0" sequenceCoverage="0" branchCoverage="0" maxCyclomaticComplexity="24" minCyclomaticComplexity="24" visitedClasses="0" numClasses="1" visitedMethods="0" numMethods="1" />
          <FullName>AspNetCoreGeneratedDocument.Views_Shared__Layout/&lt;&lt;ExecuteAsync&gt;b__30_1&gt;d</FullName>
          <Methods>
            <Method cyclomaticComplexity="24" nPathComplexity="24" sequenceCoverage="0" branchCoverage="0" isConstructor="False" isGetter="False" isSetter="False" isStatic="True">
              <Summary numSequencePoints="3" visitedSequencePoints="0" numBranchPoints="24" visitedBranchPoints="0" sequenceCoverage="0" branchCoverage="0" maxCyclomaticComplexity="24" minCyclomaticComplexity="24" visitedClasses="0" numClasses="0" visitedMethods="0" numMethods="1" />
              <MetadataToken />
              <Name>System.Void AspNetCoreGeneratedDocument.Views_Shared__Layout/&lt;&lt;ExecuteAsync&gt;b__30_1&gt;d::MoveNext()</Name>
              <FileRef uid="25" />
              <SequencePoints>
                <SequencePoint vc="0" uspid="47" ordinal="0" sl="47" sc="1" el="47" ec="2" bec="16" bev="0" fileid="25" />
                <SequencePoint vc="0" uspid="48" ordinal="1" sl="48" sc="1" el="48" ec="2" bec="0" bev="0" fileid="25" />
                <SequencePoint vc="0" uspid="53" ordinal="2" sl="53" sc="1" el="53" ec="2" bec="8" bev="0" fileid="25" />
              </SequencePoints>
              <BranchPoints>
                <BranchPoint vc="0" uspid="47" ordinal="0" path="0" offset="672" offsetend="674" sl="47" fileid="25" />
                <BranchPoint vc="0" uspid="47" ordinal="1" path="1" offset="672" offsetend="785" sl="47" fileid="25" />
                <BranchPoint vc="0" uspid="47" ordinal="2" path="0" offset="1294" offsetend="1296" sl="47" fileid="25" />
                <BranchPoint vc="0" uspid="47" ordinal="3" path="1" offset="1294" offsetend="1407" sl="47" fileid="25" />
                <BranchPoint vc="0" uspid="47" ordinal="4" path="0" offset="1916" offsetend="1918" sl="47" fileid="25" />
                <BranchPoint vc="0" uspid="47" ordinal="5" path="1" offset="1916" offsetend="2029" sl="47" fileid="25" />
                <BranchPoint vc="0" uspid="47" ordinal="6" path="0" offset="2538" offsetend="2540" sl="47" fileid="25" />
[...]
                <SequencePoint vc="1" uspid="84" ordinal="5" sl="84" sc="1" el="84" ec="2" bec="0" bev="0" fileid="55" />
                <SequencePoint vc="1" uspid="85" ordinal="6" sl="85" sc="1" el="85" ec="2" bec="0" bev="0" fileid="55" />
                <SequencePoint vc="1" uspid="86" ordinal="7" sl="86" sc="1" el="86" ec="2" bec="0" bev="0" fileid="55" />
                <SequencePoint vc="1" uspid="88" ordinal="8" sl="88" sc="1" el="88" ec="2" bec="2" bev="1" fileid="55" />
                <SequencePoint vc="0" uspid="89" ordinal="9" sl="89" sc="1" el="89" ec="2" bec="0" bev="0" fileid="55" />
                <SequencePoint vc="0" uspid="90" ordinal="10" sl="90" sc="1" el="90" ec="2" bec="0" bev="0" fileid="55" />
                <SequencePoint vc="0" uspid="91" ordinal="11" sl="91" sc="1" el="91" ec="2" bec="0" bev="0" fileid="55" />
                <SequencePoint vc="1" uspid="95" ordinal="12" sl="95" sc="1" el="95" ec="2" bec="0" bev="0" fileid="55" />
                <SequencePoint vc="1" uspid="96" ordinal="13" sl="96" sc="1" el="96" ec="2" bec="0" bev="0" fileid="55" />
                <SequencePoint vc="1" uspid="97" ordinal="14" sl="97" sc="1" el="97" ec="2" bec="0" bev="0" fileid="55" />
                <SequencePoint vc="1" uspid="98" ordinal="15" sl="98" sc="1" el="98" ec="2" bec="0" bev="0" fileid="55" />
                <SequencePoint vc="1" uspid="99" ordinal="16" sl="99" sc="1" el="99" ec="2" bec="0" bev="0" fileid="55" />
                <SequencePoint vc="1" uspid="101" ordinal="17" sl="101" sc="1" el="101" ec="2" bec="0" bev="0" fileid="55" />
                <SequencePoint vc="1" uspid="103" ordinal="18" sl="103" sc="1" el="103" ec="2" bec="4" bev="2" fileid="55" />
                <SequencePoint vc="0" uspid="104" ordinal="19" sl="104" sc="1" el="104" ec="2" bec="0" bev="0" fileid="55" />
                <SequencePoint vc="0" uspid="105" ordinal="20" sl="105" sc="1" el="105" ec="2" bec="0" bev="0" fileid="55" />
                <SequencePoint vc="0" uspid="106" ordinal="21" sl="106" sc="1" el="106" ec="2" bec="0" bev="0" fileid="55" />
                <SequencePoint vc="0" uspid="107" ordinal="22" sl="107" sc="1" el="107" ec="2" bec="0" bev="0" fileid="55" />
                <SequencePoint vc="0" uspid="108" ordinal="23" sl="108" sc="1" el="108" ec="2" bec="0" bev="0" fileid="55" />
                <SequencePoint vc="0" uspid="110" ordinal="24" sl="110" sc="1" el="110" ec="2" bec="0" bev="0" fileid="55" />
                <SequencePoint vc="0" uspid="111" ordinal="25" sl="111" sc="1" el="111" ec="2" bec="0" bev="0" fileid="55" />
                <SequencePoint vc="1" uspid="113" ordinal="26" sl="113" sc="1" el="113" ec="2" bec="0" bev="0" fileid="55" />
                <SequencePoint vc="1" uspid="115" ordinal="27" sl="115" sc="1" el="115" ec="2" bec="0" bev="0" fileid="55" />
                <SequencePoint vc="1" uspid="116" ordinal="28" sl="116" sc="1" el="116" ec="2" bec="0" bev="0" fileid="55" />
                <SequencePoint vc="3" uspid="117" ordinal="29" sl="117" sc="1" el="117" ec="2" bec="0" bev="0" fileid="55" />
              </SequencePoints>
              <BranchPoints>
                <BranchPoint vc="2" uspid="78" ordinal="0" path="0" offset="122" offsetend="124" sl="78" fileid="55" />
                <BranchPoint vc="1" uspid="78" ordinal="1" path="1" offset="122" offsetend="249" sl="78" fileid="55" />
                <BranchPoint vc="0" uspid="88" ordinal="2" path="0" offset="577" offsetend="579" sl="88" fileid="55" />
                <BranchPoint vc="1" uspid="88" ordinal="3" path="1" offset="577" offsetend="680" sl="88" fileid="55" />
                <BranchPoint vc="0" uspid="103" ordinal="4" path="0" offset="853" offsetend="855" sl="103" fileid="55" />
                <BranchPoint vc="1" uspid="103" ordinal="5" path="1" offset="853" offsetend="878" sl="103" fileid="55" />
                <BranchPoint vc="0" uspid="103" ordinal="6" path="0" offset="883" offsetend="888" sl="103" fileid="55" />
                <BranchPoint vc="1" uspid="103" ordinal="7" path="1" offset="883" offsetend="1359" sl="103" fileid="55" />
              </BranchPoints>
              <MethodPoint vc="20" uspid="0" p8:type="SequencePoint" ordinal="0" offset="0" sc="0" sl="77" ec="1" el="117" bec="0" bev="0" fileid="55" xmlns:p8="xsi" />
            </Method>
          </Methods>
        </Class>
        <Class>
          <Summary numSequencePoints="5" visitedSequencePoints="5" numBranchPoints="0" visitedBranchPoints="0" sequenceCoverage="100" branchCoverage="100" maxCyclomaticComplexity="1" minCyclomaticComplexity="1" visitedClasses="1" numClasses="1" visitedMethods="1" numMethods="1" />
          <FullName>ERMS.Controllers.api.TaskItemsApiController</FullName>
          <Methods>
            <Method cyclomaticComplexity="1" nPathComplexity="1" sequenceCoverage="100" branchCoverage="100" isConstructor="True" isGetter="False" isSetter="False" isStatic="True">
              <Summary numSequencePoints="5" visitedSequencePoints="5" numBranchPoints="0" visitedBranchPoints="0" sequenceCoverage="100" branchCoverage="100" maxCyclomaticComplexity="1" minCyclomaticComplexity="1" visitedClasses="0" numClasses="0" visitedMethods="1" numMethods="1" />
              <MetadataToken />
              <Name>System.Void ERMS.Controllers.api.TaskItemsApiController::.ctor(ERMS.Data.ApplicationDbContext,Microsoft.Extensions.Logging.ILogger`1&lt;ERMS.Controllers.api.TaskItemsApiController&gt;)</Name>
              <FileRef uid="56" />
              <SequencePoints>
                <SequencePoint vc="8" uspid="17" ordinal="0" sl="17" sc="1" el="17" ec="2" bec="0" bev="0" fileid="56" />
                <SequencePoint vc="8" uspid="18" ordinal="1" sl="18" sc="1" el="18" ec="2" bec="0" bev="0" fileid="56" />
                <SequencePoint vc="8" uspid="19" ordinal="2" sl="19" sc="1" el="19" ec="2" bec="0" bev="0" fileid="56" />
                <SequencePoint vc="8" uspid="20" ordinal="3" sl="20" sc="1" el="20" ec="2" bec="0" bev="0" fileid="56" />
                <SequencePoint vc="8" uspid="21" ordinal="4" sl="21" sc="1" el="21" ec="2" bec="0" bev="0" fileid="56" />
              </SequencePoints>
              <BranchPoints />
              <MethodPoint vc="5" uspid="0" p8:type="SequencePoint" ordinal="0" offset="0" sc="0" sl="17" ec="1" el="21" bec="0" bev="0" fileid="56" xmlns:p8="xsi" />
            </Method>
          </Methods>
        </Class>
        <Class>
          <Summary numSequencePoints="11" visitedSequencePoints="11" numBranchPoints="2" visitedBranchPoints="2" sequenceCoverage="100" branchCoverage="100" maxCyclomaticComplexity="2" minCyclomaticComplexity="2" visitedClasses="1" numClasses="1" visitedMethods="1" numMethods="1" />
          <FullName>ERMS.Controllers.api.TaskItemsApiController/&lt;DeleteTask&gt;d__7</FullName>
          <Methods>
            <Method cyclomaticComplexity="2" nPathComplexity="2" sequenceCoverage="100" branchCoverage="100" isConstructor="False" isGetter="False" isSetter="False" isStatic="True">
              <Summary numSequencePoints="11" visitedSequencePoints="11" numBranchPoints="2" visitedBranchPoints="2" sequenceCoverage="100" branchCoverage="100" maxCyclomaticComplexity="2" minCyclomaticComplexity="2" visitedClasses="0" numClasses="0" visitedMethods="1" numMethods="1" />
              <MetadataToken />
              <Name>System.Void ERMS.Controllers.api.TaskItemsApiController/&lt;DeleteTask&gt;d__7::MoveNext()</Name>
              <FileRef uid="56" />
              <SequencePoints>
                <SequencePoint vc="2" uspid="86" ordinal="0" sl="86" sc="1" el="86" ec="2" bec="0" bev="0" fileid="56" />
                <SequencePoint vc="2" uspid="87" ordinal="1" sl="87" sc="1" el="87" ec="2" bec="0" bev="0" fileid="56" />
                <SequencePoint vc="2" uspid="88" ordinal="2" sl="88" sc="1" el="88" ec="2" bec="2" bev="2" fileid="56" />
                <SequencePoint vc="1" uspid="89" ordinal="3" sl="89" sc="1" el="89" ec="2" bec="0" bev="0" fileid="56" />
                <SequencePoint vc="1" uspid="90" ordinal="4" sl="90" sc="1" el="90" ec="2" bec="0" bev="0" fileid="56" />
                <SequencePoint vc="1" uspid="91" ordinal="5" sl="91" sc="1" el="91" ec="2" bec="0" bev="0" fileid="56" />
                <SequencePoint vc="1" uspid="93" ordinal="6" sl="93" sc="1" el="93" ec="2" bec="0" bev="0" fileid="56" />
                <SequencePoint vc="1" uspid="94" ordinal="7" sl="94" sc="1" el="94" ec="2" bec="0" bev="0" fileid="56" />
                <SequencePoint vc="1" uspid="96" ordinal="8" sl="96" sc="1" el="96" ec="2" bec="0" bev="0" fileid="56" />
                <SequencePoint vc="1" uspid="97" ordinal="9" sl="97" sc="1" el="97" ec="2" bec="0" bev="0" fileid="56" />
                <SequencePoint vc="2" uspid="98" ordinal="10" sl="98" sc="1" el="98" ec="2" bec="0" bev="0" fileid="56" />
              </SequencePoints>
              <BranchPoints>
                <BranchPoint vc="1" uspid="88" ordinal="0" path="0" offset="198" offsetend="200" sl="88" fileid="56" />
                <BranchPoint vc="1" uspid="88" ordinal="1" path="1" offset="198" offsetend="297" sl="88" fileid="56" />
              </BranchPoints>
              <MethodPoint vc="11" uspid="0" p8:type="SequencePoint" ordinal="0" offset="0" sc="0" sl="86" ec="1" el="98" bec="0" bev="0" fileid="56" xmlns:p8="xsi" />
            </Method>
          </Methods>
        </Class>
        <Class>
          <Summary numSequencePoints="12" visitedSequencePoints="12" numBranchPoints="2" visitedBranchPoints="2" sequenceCoverage="100" branchCoverage="100" maxCyclomaticComplexity="2" minCyclomaticComplexity="2" visitedClasses="1" numClasses="1" visitedMethods="1" numMethods="1" />
          <FullName>ERMS.Controllers.api.TaskItemsApiController/&lt;GetTask&gt;d__4</FullName>
          <Methods>
            <Method cyclomaticComplexity="2" nPathComplexity="2" sequenceCoverage="100" branchCoverage="100" isConstructor="False" isGetter="False" isSetter="False" isStatic="True">
              <Summary numSequencePoints="12" visitedSequencePoints="12" numBranchPoints="2" visitedBranchPoints="2" sequenceCoverage="100" branchCoverage="100" maxCyclomaticComplexity="2" minCyclomaticComplexity="2" visitedClasses="0" numClasses="0" visitedMethods="1" numMethods="1" />
              <MetadataToken />
              <Name>System.Void ERMS.Controllers.api.TaskItemsApiController/&lt;GetTask&gt;d__4::MoveNext()</Name>
              <FileRef uid="56" />
              <SequencePoints>
                <SequencePoint vc="2" uspid="38" ordinal="0" sl="38" sc="1" el="38" ec="2" bec="0" bev="0" fileid="56" />
                <SequencePoint vc="2" uspid="39" ordinal="1" sl="39" sc="1" el="39" ec="2" bec="0" bev="0" fileid="56" />
                <SequencePoint vc="2" uspid="40" ordinal="2" sl="40" sc="1" el="40" ec="2" bec="0" bev="0" fileid="56" />
                <SequencePoint vc="2" uspid="41" ordinal="3" sl="41" sc="1" el="41" ec="2" bec="0" bev="0" fileid="56" />
                <SequencePoint vc="2" uspid="42" ordinal="4" sl="42" sc="1" el="42" ec="2" bec="0" bev="0" fileid="56" />
                <SequencePoint vc="2" uspid="44" ordinal="5" sl="44" sc="1" el="44" ec="2" bec="2" bev="2" fileid="56" />
                <SequencePoint vc="1" uspid="45" ordinal="6" sl="45" sc="1" el="45" ec="2" bec="0" bev="0" fileid="56" />
                <SequencePoint vc="1" uspid="46" ordinal="7" sl="46" sc="1" el="46" ec="2" bec="0" bev="0" fileid="56" />
                <SequencePoint vc="1" uspid="47" ordinal="8" sl="47" sc="1" el="47" ec="2" bec="0" bev="0" fileid="56" />
                <SequencePoint vc="1" uspid="50" ordinal="9" sl="50" sc="1" el="50" ec="2" bec="0" bev="0" fileid="56" />
                <SequencePoint vc="1" uspid="51" ordinal="10" sl="51" sc="1" el="51" ec="2" bec="0" bev="0" fileid="56" />
                <SequencePoint vc="2" uspid="52" ordinal="11" sl="52" sc="1" el="52" ec="2" bec="0" bev="0" fileid="56" />
              </SequencePoints>
              <BranchPoints>
                <BranchPoint vc="1" uspid="44" ordinal="0" path="0" offset="427" offsetend="429" sl="44" fileid="56" />
                <BranchPoint vc="1" uspid="44" ordinal="1" path="1" offset="427" offsetend="536" sl="44" fileid="56" />
              </BranchPoints>
              <MethodPoint vc="12" uspid="0" p8:type="SequencePoint" ordinal="0" offset="0" sc="0" sl="38" ec="1" el="52" bec="0" bev="0" fileid="56" xmlns:p8="xsi" />
            </Method>
          </Methods>
        </Class>
        <Class>
          <Summary numSequencePoints="7" visitedSequencePoints="7" numBranchPoints="0" visitedBranchPoints="0" sequenceCoverage="100" branchCoverage="100" maxCyclomaticComplexity="1" minCyclomaticComplexity="1" visitedClasses="1" numClasses="1" visitedMethods="1" numMethods="1" />
          <FullName>ERMS.Controllers.api.TaskItemsApiController/&lt;GetTasks&gt;d__3</FullName>
          <Methods>
            <Method cyclomaticComplexity="1" nPathComplexity="1" sequenceCoverage="100" branchCoverage="100" isConstructor="False" isGetter="False" isSetter="False" isStatic="True">
              <Summary numSequencePoints="7" visitedSequencePoints="7" numBranchPoints="0" visitedBranchPoints="0" sequenceCoverage="100" branchCoverage="100" maxCyclomaticComplexity="1" minCyclomaticComplexity="1" visitedClasses="0" numClasses="0" visitedMethods="1" numMethods="1" />
              <MetadataToken />
              <Name>System.Void ERMS.Controllers.api.TaskItemsApiController/&lt;GetTasks&gt;d__3::MoveNext()</Name>
              <FileRef uid="56" />
              <SequencePoints>
                <SequencePoint vc="1" uspid="26" ordinal="0" sl="26" sc="1" el="26" ec="2" bec="0" bev="0" fileid="56" />
                <SequencePoint vc="1" uspid="27" ordinal="1" sl="27" sc="1" el="27" ec="2" bec="0" bev="0" fileid="56" />
                <SequencePoint vc="1" uspid="29" ordinal="2" sl="29" sc="1" el="29" ec="2" bec="0" bev="0" fileid="56" />
                <SequencePoint vc="1" uspid="30" ordinal="3" sl="30" sc="1" el="30" ec="2" bec="0" bev="0" fileid="56" />
                <SequencePoint vc="1" uspid="31" ordinal="4" sl="31" sc="1" el="31" ec="2" bec="0" bev="0" fileid="56" />
                <SequencePoint vc="1" uspid="32" ordinal="5" sl="32" sc="1" el="32" ec="2" bec="0" bev="0" fileid="56" />
                <SequencePoint vc="1" uspid="33" ordinal="6" sl="33" sc="1" el="33" ec="2" bec="0" bev="0" fileid="56" />
              </SequencePoints>
              <BranchPoints />
              <MethodPoint vc="7" uspid="0" p8:type="SequencePoint" ordinal="0" offset="0" sc="0" sl="26" ec="1" el="33" bec="0" bev="0" fileid="56" xmlns:p8="xsi" />
            </Method>
          </Methods>
        </Class>
        <Class>
          <Summary numSequencePoints="6" visitedSequencePoints="6" numBranchPoints="0" visitedBranchPoints="0" sequenceCoverage="100" branchCoverage="100" maxCyclomaticComplexity="1" minCyclomaticComplexity="1" visitedClasses="1" numClasses="1" visitedMethods="1" numMethods="1" />
          <FullName>ERMS.Controllers.api.TaskItemsApiController/&lt;PostTask&gt;d__5</FullName>
          <Methods>
            <Method cyclomaticComplexity="1" nPathComplexity="1" sequenceCoverage="100" branchCoverage="100" isConstructor="False" isGetter="False" isSetter="False" isStatic="True">
              <Summary numSequencePoints="6" visitedSequencePoints="6" numBranchPoints="0" visitedBranchPoints="0" sequenceCoverage="100" branchCoverage="100" maxCyclomaticComplexity="1" minCyclomaticComplexity="1" visitedClasses="0" numClasses="0" visitedMethods="1" numMethods="1" />
              <MetadataToken />
              <Name>System.Void ERMS.Controllers.api.TaskItemsApiController/&lt;PostTask&gt;d__5::MoveNext()</Name>
              <FileRef uid="56" />
              <SequencePoints>
                <SequencePoint vc="1" uspid="57" ordinal="0" sl="57" sc="1" el="57" ec="2" bec="0" bev="0" fileid="56" />
                <SequencePoint vc="1" uspid="58" ordinal="1" sl="58" sc="1" el="58" ec="2" bec="0" bev="0" fileid="56" />
                <SequencePoint vc="1" uspid="59" ordinal="2" sl="59" sc="1" el="59" ec="2" bec="0" bev="0" fileid="56" />
                <SequencePoint vc="1" uspid="61" ordinal="3" sl="61" sc="1" el="61" ec="2" bec="0" bev="0" fileid="56" />
                <SequencePoint vc="1" uspid="62" ordinal="4" sl="62" sc="1" el="62" ec="2" bec="0" bev="0" fileid="56" />
                <SequencePoint vc="1" uspid="63" ordinal="5" sl="63" sc="1" el="63" ec="2" bec="0" bev="0" fileid="56" />
              </SequencePoints>
              <BranchPoints />
              <MethodPoint vc="6" uspid="0" p8:type="SequencePoint" ordinal="0" offset="0" sc="0" sl="57" ec="1" el="63" bec="0" bev="0" fileid="56" xmlns:p8="xsi" />
            </Method>
          </Methods>
        </Class>
        <Class>
          <Summary numSequencePoints="10" visitedSequencePoints="10" numBranchPoints="2" visitedBranchPoints="2" sequenceCoverage="100" branchCoverage="100" maxCyclomaticComplexity="2" minCyclomaticComplexity="2" visitedClasses="1" numClasses="1" visitedMethods="1" numMethods="1" />
          <FullName>ERMS.Controllers.api.TaskItemsApiController/&lt;PutTask&gt;d__6</FullName>
          <Methods>
            <Method cyclomaticComplexity="2" nPathComplexity="2" sequenceCoverage="100" branchCoverage="100" isConstructor="False" isGetter="False" isSetter="False" isStatic="True">
              <Summary numSequencePoints="10" visitedSequencePoints="10" numBranchPoints="2" visitedBranchPoints="2" sequenceCoverage="100" branchCoverage="100" maxCyclomaticComplexity="2" minCyclomaticComplexity="2" visitedClasses="0" numClasses="0" visitedMethods="1" numMethods="1" />
              <MetadataToken />
              <Name>System.Void ERMS.Controllers.api.TaskItemsApiController/&lt;PutTask&gt;d__6::MoveNext()</Name>
              <FileRef uid="56" />
              <SequencePoints>
                <SequencePoint vc="2" uspid="68" ordinal="0" sl="68" sc="1" el="68" ec="2" bec="0" bev="0" fileid="56" />
                <SequencePoint vc="2" uspid="69" ordinal="1" sl="69" sc="1" el="69" ec="2" bec="2" bev="2" fileid="56" />
                <SequencePoint vc="1" uspid="70" ordinal="2" sl="70" sc="1" el="70" ec="2" bec="0" bev="0" fileid="56" />
                <SequencePoint vc="1" uspid="71" ordinal="3" sl="71" sc="1" el="71" ec="2" bec="0" bev="0" fileid="56" />
                <SequencePoint vc="1" uspid="72" ordinal="4" sl="72" sc="1" el="72" ec="2" bec="0" bev="0" fileid="56" />
                <SequencePoint vc="1" uspid="75" ordinal="5" sl="75" sc="1" el="75" ec="2" bec="0" bev="0" fileid="56" />
                <SequencePoint vc="1" uspid="77" ordinal="6" sl="77" sc="1" el="77" ec="2" bec="0" bev="0" fileid="56" />
                <SequencePoint vc="1" uspid="79" ordinal="7" sl="79" sc="1" el="79" ec="2" bec="0" bev="0" fileid="56" />
                <SequencePoint vc="1" uspid="80" ordinal="8" sl="80" sc="1" el="80" ec="2" bec="0" bev="0" fileid="56" />
                <SequencePoint vc="2" uspid="81" ordinal="9" sl="81" sc="1" el="81" ec="2" bec="0" bev="0" fileid="56" />
              </SequencePoints>
              <BranchPoints>
                <BranchPoint vc="1" uspid="69" ordinal="0" path="0" offset="42" offsetend="44" sl="69" fileid="56" />
                <BranchPoint vc="1" uspid="69" ordinal="1" path="1" offset="42" offsetend="159" sl="69" fileid="56" />
              </BranchPoints>
              <MethodPoint vc="10" uspid="0" p8:type="SequencePoint" ordinal="0" offset="0" sc="0" sl="68" ec="1" el="81" bec="0" bev="0" fileid="56" xmlns:p8="xsi" />
            </Method>
          </Methods>
        </Class>
      </Classes>
    </Module>
  </Modules>
</CoverageSession>